Log file open, 02/03/23 18:52:08
LogWindows: Failed to load 'aqProf.dll' (GetLastError=126)
LogWindows: File 'aqProf.dll' does not exist
LogWindows: Failed to load 'VtuneApi.dll' (GetLastError=126)
LogWindows: File 'VtuneApi.dll' does not exist
LogWindows: Failed to load 'VtuneApi32e.dll' (GetLastError=126)
LogWindows: File 'VtuneApi32e.dll' does not exist
LogConsoleResponse: Display: Failed to find resolution value strings in scalability ini. Falling back to default.
LogConsoleResponse: Display: Failed to find resolution value strings in scalability ini. Falling back to default.
LogInit: Display: Running engine for game: ggj2023
LogPlatformFile: Not using cached read wrapper
LogTaskGraph: Started task graph with 5 named threads and 59 total threads with 3 sets of task threads.
LogStats: Stats thread started at 0.174869
LogICUInternationalization: ICU TimeZone Detection - Raw Offset: -5:00, Platform Override: ''
LogInit: Display: Loading text-based GConfig....
Message dialog closed, result: No, title: Missing ElectronicNodes Plugin, text: This project requires the ElectronicNodes plugin.

Would you like to download it from the Unreal Engine Marketplace?
Message dialog closed, result: No, title: Missing Plugin, text: This project requires the 'ElectronicNodes' plugin, which could not be found. Would you like to disable it and continue?

If you do, you will no longer be able to open any assets created with it. If not, the application will close.
LogPluginManager: Error: Unable to load plugin 'ElectronicNodes'. Aborting.
LogCore: Engine exit requested (reason: EngineExit() was called)
LogExit: Preparing to exit.
LogModuleManager: Shutting down and abandoning module AnimationModifiers (34)
LogModuleManager: Shutting down and abandoning module AudioEditor (32)
LogModuleManager: Shutting down and abandoning module PropertyEditor (31)
LogModuleManager: Shutting down and abandoning module TextureCompressor (28)
LogModuleManager: Shutting down and abandoning module RenderCore (26)
LogModuleManager: Shutting down and abandoning module Landscape (24)
LogModuleManager: Shutting down and abandoning module SlateRHIRenderer (22)
LogModuleManager: Shutting down and abandoning module AnimGraphRuntime (20)
LogModuleManager: Shutting down and abandoning module Renderer (18)
LogModuleManager: Shutting down and abandoning module Engine (16)
LogModuleManager: Shutting down and abandoning module CoreUObject (14)
LogModuleManager: Shutting down and abandoning module NetworkFile (12)
LogModuleManager: Shutting down and abandoning module CookedIterativeFile (10)
LogModuleManager: Shutting down and abandoning module StreamingFile (8)
LogModuleManager: Shutting down and abandoning module SandboxFile (6)
LogModuleManager: Shutting down and abandoning module PakFile (4)
LogModuleManager: Shutting down and abandoning module RSA (3)
LogExit: Exiting.
Log file closed, 02/03/23 18:52:15
