Log file open, 02/03/23 18:02:10
LogWindows: Failed to load 'aqProf.dll' (GetLastError=126)
LogWindows: File 'aqProf.dll' does not exist
LogWindows: Failed to load 'VtuneApi.dll' (GetLastError=126)
LogWindows: File 'VtuneApi.dll' does not exist
LogWindows: Failed to load 'VtuneApi32e.dll' (GetLastError=126)
LogWindows: File 'VtuneApi32e.dll' does not exist
LogConsoleResponse: Display: Failed to find resolution value strings in scalability ini. Falling back to default.
LogConsoleResponse: Display: Failed to find resolution value strings in scalability ini. Falling back to default.
LogInit: Display: Running engine for game: ggj2023
LogPlatformFile: Not using cached read wrapper
LogTaskGraph: Started task graph with 5 named threads and 59 total threads with 3 sets of task threads.
LogStats: Stats thread started at 0.205308
LogICUInternationalization: ICU TimeZone Detection - Raw Offset: -5:00, Platform Override: ''
LogInit: Display: Loading text-based GConfig....
LogPluginManager: Mounting plugin MeshPainting
LogPluginManager: Mounting plugin XGEController
LogPluginManager: Mounting plugin Paper2D
LogPluginManager: Mounting plugin AISupport
LogPluginManager: Mounting plugin EnvironmentQueryEditor
LogPluginManager: Mounting plugin LightPropagationVolume
LogPluginManager: Mounting plugin LiveLink
LogPluginManager: Mounting plugin CameraShakePreviewer
LogPluginManager: Mounting plugin GameplayCameras
LogPluginManager: Mounting plugin OodleData
LogPluginManager: Mounting plugin OodleNetwork
LogPluginManager: Mounting plugin AnimationSharing
LogPluginManager: Mounting plugin CLionSourceCodeAccess
LogPluginManager: Mounting plugin GitSourceControl
LogPluginManager: Mounting plugin KDevelopSourceCodeAccess
LogPluginManager: Mounting plugin NullSourceCodeAccess
LogPluginManager: Mounting plugin CodeLiteSourceCodeAccess
LogPluginManager: Mounting plugin PerforceSourceControl
LogPluginManager: Mounting plugin PixWinPlugin
LogPluginManager: Mounting plugin PlasticSourceControl
LogPluginManager: Mounting plugin PluginUtils
LogPluginManager: Mounting plugin PropertyAccessNode
LogPluginManager: Mounting plugin SubversionSourceControl
LogPluginManager: Mounting plugin TextureFormatOodle
LogPluginManager: Mounting plugin RiderSourceCodeAccess
LogPluginManager: Mounting plugin UObjectPlugin
LogPluginManager: Mounting plugin VisualStudioCodeSourceCodeAccess
LogPluginManager: Mounting plugin XCodeSourceCodeAccess
LogPluginManager: Mounting plugin VisualStudioSourceCodeAccess
LogPluginManager: Mounting plugin DatasmithContent
LogPluginManager: Mounting plugin VariantManagerContent
LogPluginManager: Mounting plugin Niagara
LogPluginManager: Mounting plugin AssetManagerEditor
LogPluginManager: Mounting plugin CryptoKeys
LogPluginManager: Mounting plugin CurveEditorTools
LogPluginManager: Mounting plugin DataValidation
LogPluginManager: Mounting plugin GeometryMode
LogPluginManager: Mounting plugin GameplayTagsEditor
LogPluginManager: Mounting plugin MacGraphicsSwitching
LogPluginManager: Mounting plugin MobileLauncherProfileWizard
LogPluginManager: Mounting plugin FacialAnimation
LogPluginManager: Mounting plugin MaterialAnalyzer
LogPluginManager: Mounting plugin SpeedTreeImporter
LogPluginManager: Mounting plugin BackChannel
LogPluginManager: Mounting plugin AutomationUtils
LogPluginManager: Mounting plugin ChaosCloth
LogPluginManager: Mounting plugin ChaosEditor
LogPluginManager: Mounting plugin PluginBrowser
LogPluginManager: Mounting plugin ChaosSolverPlugin
LogPluginManager: Mounting plugin CharacterAI
LogPluginManager: Mounting plugin ChaosClothEditor
LogPluginManager: Mounting plugin AlembicImporter
LogPluginManager: Mounting plugin ChaosNiagara
LogPluginManager: Mounting plugin GeometryCache
LogPluginManager: Mounting plugin GeometryCollectionPlugin
LogPluginManager: Mounting plugin MagicLeap
LogPluginManager: Mounting plugin LuminPlatformFeatures
LogPluginManager: Mounting plugin MagicLeapLightEstimation
LogPluginManager: Mounting plugin MagicLeapMedia
LogPluginManager: Mounting plugin GeometryProcessing
LogPluginManager: Mounting plugin MagicLeapPassableWorld
LogPluginManager: Mounting plugin MotoSynth
LogPluginManager: Mounting plugin PlatformCrypto
LogPluginManager: Mounting plugin MLSDK
LogPluginManager: Mounting plugin OpenImageDenoise
LogPluginManager: Mounting plugin PlanarCut
LogPluginManager: Mounting plugin ProxyLODPlugin
LogPluginManager: Mounting plugin PythonScriptPlugin
LogPluginManager: Mounting plugin SkeletalReduction
LogPluginManager: Mounting plugin AndroidMedia
LogPluginManager: Mounting plugin AvfMedia
LogPluginManager: Mounting plugin ImgMedia
LogPluginManager: Mounting plugin MediaCompositing
LogPluginManager: Mounting plugin MediaPlayerEditor
LogPluginManager: Mounting plugin WmfMedia
LogPluginManager: Mounting plugin WebMMedia
LogPluginManager: Mounting plugin TcpMessaging
LogPluginManager: Mounting plugin UdpMessaging
LogPluginManager: Mounting plugin ActorSequence
LogPluginManager: Mounting plugin MatineeToLevelSequence
LogPluginManager: Mounting plugin LevelSequenceEditor
LogPluginManager: Mounting plugin OnlineSubsystem
LogPluginManager: Mounting plugin OnlineSubsystemNull
LogPluginManager: Mounting plugin TemplateSequence
LogPluginManager: Mounting plugin OnlineSubsystemUtils
LogPluginManager: Mounting plugin LauncherChunkInstaller
LogPluginManager: Mounting plugin ActorLayerUtilities
LogPluginManager: Mounting plugin AndroidMoviePlayer
LogPluginManager: Mounting plugin AndroidDeviceProfileSelector
LogPluginManager: Mounting plugin AndroidPermission
LogPluginManager: Mounting plugin AppleMoviePlayer
LogPluginManager: Mounting plugin AppleImageUtils
LogPluginManager: Mounting plugin ArchVisCharacter
LogPluginManager: Mounting plugin AssetTags
LogPluginManager: Mounting plugin AudioCapture
LogPluginManager: Mounting plugin AudioSynesthesia
LogPluginManager: Mounting plugin CableComponent
LogPluginManager: Mounting plugin ExampleDeviceProfileSelector
LogPluginManager: Mounting plugin ChunkDownloader
LogPluginManager: Mounting plugin CustomMeshComponent
LogPluginManager: Mounting plugin EditableMesh
LogPluginManager: Mounting plugin GoogleCloudMessaging
LogPluginManager: Mounting plugin GooglePAD
LogPluginManager: Mounting plugin IOSDeviceProfileSelector
LogPluginManager: Mounting plugin LinuxDeviceProfileSelector
LogPluginManager: Mounting plugin LocationServicesBPLibrary
LogPluginManager: Mounting plugin MobilePatchingUtils
LogPluginManager: Mounting plugin OpenXREyeTracker
LogPluginManager: Mounting plugin OpenXR
LogPluginManager: Mounting plugin OpenXRHandTracking
LogPluginManager: Mounting plugin PhysXVehicles
LogPluginManager: Mounting plugin ScreenshotTools
LogPluginManager: Mounting plugin PostSplashScreen
LogPluginManager: Mounting plugin Takes
LogPluginManager: Mounting plugin ProceduralMeshComponent
LogPluginManager: Mounting plugin PropertyAccessEditor
LogPluginManager: Mounting plugin RuntimePhysXCooking
LogPluginManager: Mounting plugin SignificanceManager
LogPluginManager: Mounting plugin SoundFields
LogPluginManager: Mounting plugin WebMMoviePlayer
LogPluginManager: Mounting plugin WindowsMoviePlayer
LogPluginManager: Mounting plugin Synthesis
LogPluginManager: Mounting plugin ContentBrowserAssetDataSource
LogPluginManager: Mounting plugin ContentBrowserClassDataSource
LogPluginManager: Mounting plugin ContentBrowserFileDataSource
LogPluginManager: Mounting plugin OnlineSubsystemGooglePlay
LogPluginManager: Mounting plugin OnlineSubsystemIOS
LogPluginManager: Mounting plugin OculusVR
LogPluginManager: Mounting plugin SteamVR
PixWinPlugin: PIX capture plugin failed to initialize! Check that the process is launched from PIX.
LogInit: Using libcurl 7.55.1-DEV
LogInit:  - built for x86_64-pc-win32
LogInit:  - supports SSL with OpenSSL/1.1.1
LogInit:  - supports HTTP deflate (compression) using libz 1.2.8
LogInit:  - other features:
LogInit:      CURL_VERSION_SSL
LogInit:      CURL_VERSION_LIBZ
LogInit:      CURL_VERSION_IPV6
LogInit:      CURL_VERSION_ASYNCHDNS
LogInit:      CURL_VERSION_LARGEFILE
LogInit:      CURL_VERSION_IDN
LogInit:  CurlRequestOptions (configurable via config and command line):
LogInit:  - bVerifyPeer = true  - Libcurl will verify peer certificate
LogInit:  - bUseHttpProxy = false  - Libcurl will NOT use HTTP proxy
LogInit:  - bDontReuseConnections = false  - Libcurl will reuse connections
LogInit:  - MaxHostConnections = 16  - Libcurl will limit the number of connections to a host
LogInit:  - LocalHostAddr = Default
LogInit:  - BufferSize = 65536
LogOnline: OSS: Creating online subsystem instance for: NULL
LogInit: WinSock: version 1.1 (2.2), MaxSocks=32767, MaxUdp=65467
LogOnline: OSS: TryLoadSubsystemAndSetDefault: Loaded subsystem for module [NULL]
LogOculusPluginWrapper: OculusPlugin initialized successfully
LogHMD: Failed initializing OVRPlugin 1.59.0
LogInit: Build: ++UE4+Release-4.27-CL-18319896
LogInit: Engine Version: 4.27.2-18319896+++UE4+Release-4.27
LogInit: Compatible Engine Version: 4.27.0-17155196+++UE4+Release-4.27
LogInit: Net CL: 17155196
LogInit: OS: Windows 10 (Release 2009) (), CPU: Intel(R) Core(TM) i9-10900 CPU @ 2.80GHz, GPU: NVIDIA GeForce RTX 3060 Ti
LogInit: Compiled (64-bit): Nov 30 2021 07:12:08
LogInit: Compiled with Visual C++: 19.24.28315.00
LogInit: Build Configuration: Development
LogInit: Branch Name: ++UE4+Release-4.27
LogInit: Command Line:  -EpicPortal -epicusername=Zokir -epicuserid=dadd6c2df8d640b3a09ece96b74414f0 -epiclocale=en -epicsandboxid=ue
LogInit: Base Directory: C:/Program Files/Epic Games/UE_4.27/Engine/Binaries/Win64/
LogInit: Allocator: TBB
LogInit: Installed Engine Build: 1
LogDevObjectVersion: Number of dev versions registered: 29
LogDevObjectVersion:   Dev-Blueprints (B0D832E4-1F89-4F0D-ACCF-7EB736FD4AA2): 10
LogDevObjectVersion:   Dev-Build (E1C64328-A22C-4D53-A36C-8E866417BD8C): 0
LogDevObjectVersion:   Dev-Core (375EC13C-06E4-48FB-B500-84F0262A717E): 4
LogDevObjectVersion:   Dev-Editor (E4B068ED-F494-42E9-A231-DA0B2E46BB41): 40
LogDevObjectVersion:   Dev-Framework (CFFC743F-43B0-4480-9391-14DF171D2073): 37
LogDevObjectVersion:   Dev-Mobile (B02B49B5-BB20-44E9-A304-32B752E40360): 3
LogDevObjectVersion:   Dev-Networking (A4E4105C-59A1-49B5-A7C5-40C4547EDFEE): 0
LogDevObjectVersion:   Dev-Online (39C831C9-5AE6-47DC-9A44-9C173E1C8E7C): 0
LogDevObjectVersion:   Dev-Physics (78F01B33-EBEA-4F98-B9B4-84EACCB95AA2): 14
LogDevObjectVersion:   Dev-Platform (6631380F-2D4D-43E0-8009-CF276956A95A): 0
LogDevObjectVersion:   Dev-Rendering (12F88B9F-8875-4AFC-A67C-D90C383ABD29): 45
LogDevObjectVersion:   Dev-Sequencer (7B5AE74C-D270-4C10-A958-57980B212A5A): 13
LogDevObjectVersion:   Dev-VR (D7296918-1DD6-4BDD-9DE2-64A83CC13884): 3
LogDevObjectVersion:   Dev-LoadTimes (C2A15278-BFE7-4AFE-6C17-90FF531DF755): 1
LogDevObjectVersion:   Private-Geometry (6EACA3D4-40EC-4CC1-B786-8BED09428FC5): 3
LogDevObjectVersion:   Dev-AnimPhys (29E575DD-E0A3-4627-9D10-D276232CDCEA): 17
LogDevObjectVersion:   Dev-Anim (AF43A65D-7FD3-4947-9873-3E8ED9C1BB05): 15
LogDevObjectVersion:   Dev-ReflectionCapture (6B266CEC-1EC7-4B8F-A30B-E4D90942FC07): 1
LogDevObjectVersion:   Dev-Automation (0DF73D61-A23F-47EA-B727-89E90C41499A): 1
LogDevObjectVersion:   FortniteMain (601D1886-AC64-4F84-AA16-D3DE0DEAC7D6): 47
LogDevObjectVersion:   FortniteRelease (E7086368-6B23-4C58-8439-1B7016265E91): 1
LogDevObjectVersion:   Dev-Enterprise (9DFFBCD6-494F-0158-E221-12823C92A888): 10
LogDevObjectVersion:   Dev-Niagara (F2AED0AC-9AFE-416F-8664-AA7FFA26D6FC): 1
LogDevObjectVersion:   Dev-Destruction (174F1F0B-B4C6-45A5-B13F-2EE8D0FB917D): 10
LogDevObjectVersion:   Dev-Physics-Ext (35F94A83-E258-406C-A318-09F59610247C): 41
LogDevObjectVersion:   Dev-PhysicsMaterial-Chaos (B68FC16E-8B1B-42E2-B453-215C058844FE): 1
LogDevObjectVersion:   Dev-CineCamera (B2E18506-4273-CFC2-A54E-F4BB758BBA07): 1
LogDevObjectVersion:   Dev-VirtualProduction (64F58936-FD1B-42BA-BA96-7289D5D0FA4E): 1
LogDevObjectVersion:   Dev-MediaFramework (6F0ED827-A609-4895-9C91-998D90180EA4): 2
LogInit: Presizing for max 25165824 objects, including 0 objects not considered by GC, pre-allocating 0 bytes for permanent pool.
LogConfig: Applying CVar settings from Section [/Script/Engine.StreamingSettings] File [C:/Users/bittest/Documents/GitHub/ggj-2023/ggj2023/Saved/Config/Windows/Engine.ini]
LogConfig: Setting CVar [[s.MinBulkDataSizeForAsyncLoading:131072]]
LogConfig: Setting CVar [[s.AsyncLoadingThreadEnabled:0]]
LogConfig: Setting CVar [[s.EventDrivenLoaderEnabled:1]]
LogConfig: Setting CVar [[s.WarnIfTimeLimitExceeded:0]]
LogConfig: Setting CVar [[s.TimeLimitExceededMultiplier:1.5]]
LogConfig: Setting CVar [[s.TimeLimitExceededMinTime:0.005]]
LogConfig: Setting CVar [[s.UseBackgroundLevelStreaming:1]]
LogConfig: Setting CVar [[s.PriorityAsyncLoadingExtraTime:15.0]]
LogConfig: Setting CVar [[s.LevelStreamingActorsUpdateTimeLimit:5.0]]
LogConfig: Setting CVar [[s.PriorityLevelStreamingActorsUpdateExtraTime:5.0]]
LogConfig: Setting CVar [[s.LevelStreamingComponentsRegistrationGranularity:10]]
LogConfig: Setting CVar [[s.UnregisterComponentsTimeLimit:1.0]]
LogConfig: Setting CVar [[s.LevelStreamingComponentsUnregistrationGranularity:5]]
LogConfig: Setting CVar [[s.FlushStreamingOnExit:1]]
LogInit: Object subsystem initialized
LogConfig: Setting CVar [[con.DebugEarlyDefault:1]]
LogConfig: Setting CVar [[r.setres:1280x720]]
[2023.02.03-23.02.11:369][  0]LogConfig: Setting CVar [[r.VSync:0]]
[2023.02.03-23.02.11:369][  0]LogConfig: Setting CVar [[r.RHICmdBypass:0]]
[2023.02.03-23.02.11:369][  0]LogConfig: Applying CVar settings from Section [/Script/Engine.RendererSettings] File [C:/Users/bittest/Documents/GitHub/ggj-2023/ggj2023/Saved/Config/Windows/Engine.ini]
[2023.02.03-23.02.11:369][  0]LogConfig: Setting CVar [[r.GPUCrashDebugging:0]]
[2023.02.03-23.02.11:369][  0]LogConfig: Applying CVar settings from Section [/Script/Engine.RendererOverrideSettings] File [C:/Users/bittest/Documents/GitHub/ggj-2023/ggj2023/Saved/Config/Windows/Engine.ini]
[2023.02.03-23.02.11:369][  0]LogConfig: Applying CVar settings from Section [/Script/Engine.StreamingSettings] File [C:/Users/bittest/Documents/GitHub/ggj-2023/ggj2023/Saved/Config/Windows/Engine.ini]
[2023.02.03-23.02.11:369][  0]LogConfig: Setting CVar [[s.MinBulkDataSizeForAsyncLoading:131072]]
[2023.02.03-23.02.11:369][  0]LogConfig: Setting CVar [[s.AsyncLoadingThreadEnabled:0]]
[2023.02.03-23.02.11:369][  0]LogConfig: Setting CVar [[s.EventDrivenLoaderEnabled:1]]
[2023.02.03-23.02.11:369][  0]LogConfig: Setting CVar [[s.WarnIfTimeLimitExceeded:0]]
[2023.02.03-23.02.11:369][  0]LogConfig: Setting CVar [[s.TimeLimitExceededMultiplier:1.5]]
[2023.02.03-23.02.11:369][  0]LogConfig: Setting CVar [[s.TimeLimitExceededMinTime:0.005]]
[2023.02.03-23.02.11:369][  0]LogConfig: Setting CVar [[s.UseBackgroundLevelStreaming:1]]
[2023.02.03-23.02.11:369][  0]LogConfig: Setting CVar [[s.PriorityAsyncLoadingExtraTime:15.0]]
[2023.02.03-23.02.11:369][  0]LogConfig: Setting CVar [[s.LevelStreamingActorsUpdateTimeLimit:5.0]]
[2023.02.03-23.02.11:369][  0]LogConfig: Setting CVar [[s.PriorityLevelStreamingActorsUpdateExtraTime:5.0]]
[2023.02.03-23.02.11:369][  0]LogConfig: Setting CVar [[s.LevelStreamingComponentsRegistrationGranularity:10]]
[2023.02.03-23.02.11:369][  0]LogConfig: Setting CVar [[s.UnregisterComponentsTimeLimit:1.0]]
[2023.02.03-23.02.11:369][  0]LogConfig: Setting CVar [[s.LevelStreamingComponentsUnregistrationGranularity:5]]
[2023.02.03-23.02.11:369][  0]LogConfig: Setting CVar [[s.FlushStreamingOnExit:1]]
[2023.02.03-23.02.11:369][  0]LogConfig: Applying CVar settings from Section [/Script/Engine.GarbageCollectionSettings] File [C:/Users/bittest/Documents/GitHub/ggj-2023/ggj2023/Saved/Config/Windows/Engine.ini]
[2023.02.03-23.02.11:369][  0]LogConfig: Setting CVar [[gc.MaxObjectsNotConsideredByGC:1]]
[2023.02.03-23.02.11:369][  0]LogConfig: Setting CVar [[gc.SizeOfPermanentObjectPool:0]]
[2023.02.03-23.02.11:369][  0]LogConfig: Setting CVar [[gc.FlushStreamingOnGC:0]]
[2023.02.03-23.02.11:369][  0]LogConfig: Setting CVar [[gc.NumRetriesBeforeForcingGC:10]]
[2023.02.03-23.02.11:369][  0]LogConfig: Setting CVar [[gc.AllowParallelGC:1]]
[2023.02.03-23.02.11:369][  0]LogConfig: Setting CVar [[gc.TimeBetweenPurgingPendingKillObjects:61.1]]
[2023.02.03-23.02.11:369][  0]LogConfig: Setting CVar [[gc.MaxObjectsInEditor:25165824]]
[2023.02.03-23.02.11:369][  0]LogConfig: Setting CVar [[gc.IncrementalBeginDestroyEnabled:1]]
[2023.02.03-23.02.11:369][  0]LogConfig: Setting CVar [[gc.CreateGCClusters:1]]
[2023.02.03-23.02.11:369][  0]LogConfig: Setting CVar [[gc.MinGCClusterSize:5]]
[2023.02.03-23.02.11:369][  0]LogConfig: Setting CVar [[gc.ActorClusteringEnabled:0]]
[2023.02.03-23.02.11:369][  0]LogConfig: Setting CVar [[gc.BlueprintClusteringEnabled:0]]
[2023.02.03-23.02.11:369][  0]LogConfig: Setting CVar [[gc.UseDisregardForGCOnDedicatedServers:0]]
[2023.02.03-23.02.11:369][  0]LogConfig: Setting CVar [[gc.MultithreadedDestructionEnabled:1]]
[2023.02.03-23.02.11:369][  0]LogConfig: Applying CVar settings from Section [/Script/Engine.NetworkSettings] File [C:/Users/bittest/Documents/GitHub/ggj-2023/ggj2023/Saved/Config/Windows/Engine.ini]
[2023.02.03-23.02.11:369][  0]LogConfig: Applying CVar settings from Section [/Script/UnrealEd.CookerSettings] File [C:/Users/bittest/Documents/GitHub/ggj-2023/ggj2023/Saved/Config/Windows/Engine.ini]
[2023.02.03-23.02.11:377][  0]LogConfig: Applying CVar settings from Section [ViewDistanceQuality@3] File [C:/Users/bittest/Documents/GitHub/ggj-2023/ggj2023/Saved/Config/Windows/Scalability.ini]
[2023.02.03-23.02.11:377][  0]LogConfig: Setting CVar [[r.SkeletalMeshLODBias:0]]
[2023.02.03-23.02.11:377][  0]LogConfig: Setting CVar [[r.ViewDistanceScale:1.0]]
[2023.02.03-23.02.11:377][  0]LogConfig: Applying CVar settings from Section [AntiAliasingQuality@3] File [C:/Users/bittest/Documents/GitHub/ggj-2023/ggj2023/Saved/Config/Windows/Scalability.ini]
[2023.02.03-23.02.11:377][  0]LogConfig: Setting CVar [[r.PostProcessAAQuality:4]]
[2023.02.03-23.02.11:377][  0]LogConfig: Applying CVar settings from Section [ShadowQuality@3] File [C:/Users/bittest/Documents/GitHub/ggj-2023/ggj2023/Saved/Config/Windows/Scalability.ini]
[2023.02.03-23.02.11:377][  0]LogConfig: Setting CVar [[r.LightFunctionQuality:1]]
[2023.02.03-23.02.11:377][  0]LogConfig: Setting CVar [[r.ShadowQuality:5]]
[2023.02.03-23.02.11:377][  0]LogConfig: Setting CVar [[r.Shadow.CSM.MaxCascades:10]]
[2023.02.03-23.02.11:377][  0]LogConfig: Setting CVar [[r.Shadow.MaxResolution:2048]]
[2023.02.03-23.02.11:377][  0]LogConfig: Setting CVar [[r.Shadow.MaxCSMResolution:2048]]
[2023.02.03-23.02.11:377][  0]LogConfig: Setting CVar [[r.Shadow.RadiusThreshold:0.01]]
[2023.02.03-23.02.11:377][  0]LogConfig: Setting CVar [[r.Shadow.DistanceScale:1.0]]
[2023.02.03-23.02.11:377][  0]LogConfig: Setting CVar [[r.Shadow.CSM.TransitionScale:1.0]]
[2023.02.03-23.02.11:377][  0]LogConfig: Setting CVar [[r.Shadow.PreShadowResolutionFactor:1.0]]
[2023.02.03-23.02.11:377][  0]LogConfig: Setting CVar [[r.DistanceFieldShadowing:1]]
[2023.02.03-23.02.11:377][  0]LogConfig: Setting CVar [[r.DistanceFieldAO:1]]
[2023.02.03-23.02.11:377][  0]LogConfig: Setting CVar [[r.AOQuality:2]]
[2023.02.03-23.02.11:377][  0]LogConfig: Setting CVar [[r.VolumetricFog:1]]
[2023.02.03-23.02.11:377][  0]LogConfig: Setting CVar [[r.VolumetricFog.GridPixelSize:8]]
[2023.02.03-23.02.11:377][  0]LogConfig: Setting CVar [[r.VolumetricFog.GridSizeZ:128]]
[2023.02.03-23.02.11:377][  0]LogConfig: Setting CVar [[r.VolumetricFog.HistoryMissSupersampleCount:4]]
[2023.02.03-23.02.11:377][  0]LogConfig: Setting CVar [[r.LightMaxDrawDistanceScale:1]]
[2023.02.03-23.02.11:377][  0]LogConfig: Setting CVar [[r.CapsuleShadows:1]]
[2023.02.03-23.02.11:377][  0]LogConfig: Applying CVar settings from Section [PostProcessQuality@3] File [C:/Users/bittest/Documents/GitHub/ggj-2023/ggj2023/Saved/Config/Windows/Scalability.ini]
[2023.02.03-23.02.11:377][  0]LogConfig: Setting CVar [[r.MotionBlurQuality:4]]
[2023.02.03-23.02.11:377][  0]LogConfig: Setting CVar [[r.AmbientOcclusionMipLevelFactor:0.4]]
[2023.02.03-23.02.11:377][  0]LogConfig: Setting CVar [[r.AmbientOcclusionMaxQuality:100]]
[2023.02.03-23.02.11:377][  0]LogConfig: Setting CVar [[r.AmbientOcclusionLevels:-1]]
[2023.02.03-23.02.11:377][  0]LogConfig: Setting CVar [[r.AmbientOcclusionRadiusScale:1.0]]
[2023.02.03-23.02.11:377][  0]LogConfig: Setting CVar [[r.DepthOfFieldQuality:2]]
[2023.02.03-23.02.11:377][  0]LogConfig: Setting CVar [[r.RenderTargetPoolMin:400]]
[2023.02.03-23.02.11:377][  0]LogConfig: Setting CVar [[r.LensFlareQuality:2]]
[2023.02.03-23.02.11:377][  0]LogConfig: Setting CVar [[r.SceneColorFringeQuality:1]]
[2023.02.03-23.02.11:377][  0]LogConfig: Setting CVar [[r.EyeAdaptationQuality:2]]
[2023.02.03-23.02.11:377][  0]LogConfig: Setting CVar [[r.BloomQuality:5]]
[2023.02.03-23.02.11:377][  0]LogConfig: Setting CVar [[r.FastBlurThreshold:100]]
[2023.02.03-23.02.11:377][  0]LogConfig: Setting CVar [[r.Upscale.Quality:3]]
[2023.02.03-23.02.11:378][  0]LogConfig: Setting CVar [[r.Tonemapper.GrainQuantization:1]]
[2023.02.03-23.02.11:378][  0]LogConfig: Setting CVar [[r.LightShaftQuality:1]]
[2023.02.03-23.02.11:378][  0]LogConfig: Setting CVar [[r.Filter.SizeScale:1]]
[2023.02.03-23.02.11:378][  0]LogConfig: Setting CVar [[r.Tonemapper.Quality:5]]
[2023.02.03-23.02.11:378][  0]LogConfig: Setting CVar [[r.DOF.Gather.AccumulatorQuality:1        ; higher gathering accumulator quality]]
[2023.02.03-23.02.11:378][  0]LogConfig: Setting CVar [[r.DOF.Gather.PostfilterMethod:1          ; Median3x3 postfilering method]]
[2023.02.03-23.02.11:378][  0]LogConfig: Setting CVar [[r.DOF.Gather.EnableBokehSettings:0       ; no bokeh simulation when gathering]]
[2023.02.03-23.02.11:378][  0]LogConfig: Setting CVar [[r.DOF.Gather.RingCount:4                 ; medium number of samples when gathering]]
[2023.02.03-23.02.11:378][  0]LogConfig: Setting CVar [[r.DOF.Scatter.ForegroundCompositing:1    ; additive foreground scattering]]
[2023.02.03-23.02.11:378][  0]LogConfig: Setting CVar [[r.DOF.Scatter.BackgroundCompositing:2    ; additive background scattering]]
[2023.02.03-23.02.11:378][  0]LogConfig: Setting CVar [[r.DOF.Scatter.EnableBokehSettings:1      ; bokeh simulation when scattering]]
[2023.02.03-23.02.11:378][  0]LogConfig: Setting CVar [[r.DOF.Scatter.MaxSpriteRatio:0.1         ; only a maximum of 10% of scattered bokeh]]
[2023.02.03-23.02.11:378][  0]LogConfig: Setting CVar [[r.DOF.Recombine.Quality:1                ; cheap slight out of focus]]
[2023.02.03-23.02.11:378][  0]LogConfig: Setting CVar [[r.DOF.Recombine.EnableBokehSettings:0    ; no bokeh simulation on slight out of focus]]
[2023.02.03-23.02.11:378][  0]LogConfig: Setting CVar [[r.DOF.TemporalAAQuality:1                ; more stable temporal accumulation]]
[2023.02.03-23.02.11:378][  0]LogConfig: Setting CVar [[r.DOF.Kernel.MaxForegroundRadius:0.025]]
[2023.02.03-23.02.11:378][  0]LogConfig: Setting CVar [[r.DOF.Kernel.MaxBackgroundRadius:0.025]]
[2023.02.03-23.02.11:378][  0]LogConfig: Applying CVar settings from Section [TextureQuality@3] File [C:/Users/bittest/Documents/GitHub/ggj-2023/ggj2023/Saved/Config/Windows/Scalability.ini]
[2023.02.03-23.02.11:378][  0]LogConfig: Setting CVar [[r.Streaming.MipBias:0]]
[2023.02.03-23.02.11:378][  0]LogConfig: Setting CVar [[r.Streaming.AmortizeCPUToGPUCopy:0]]
[2023.02.03-23.02.11:378][  0]LogConfig: Setting CVar [[r.Streaming.MaxNumTexturesToStreamPerFrame:0]]
[2023.02.03-23.02.11:378][  0]LogConfig: Setting CVar [[r.Streaming.Boost:1]]
[2023.02.03-23.02.11:378][  0]LogConfig: Setting CVar [[r.MaxAnisotropy:8]]
[2023.02.03-23.02.11:378][  0]LogConfig: Setting CVar [[r.VT.MaxAnisotropy:8]]
[2023.02.03-23.02.11:378][  0]LogConfig: Setting CVar [[r.Streaming.LimitPoolSizeToVRAM:0]]
[2023.02.03-23.02.11:378][  0]LogConfig: Setting CVar [[r.Streaming.PoolSize:1000]]
[2023.02.03-23.02.11:378][  0]LogConfig: Setting CVar [[r.Streaming.MaxEffectiveScreenSize:0]]
[2023.02.03-23.02.11:378][  0]LogConfig: Applying CVar settings from Section [EffectsQuality@3] File [C:/Users/bittest/Documents/GitHub/ggj-2023/ggj2023/Saved/Config/Windows/Scalability.ini]
[2023.02.03-23.02.11:378][  0]LogConfig: Setting CVar [[r.TranslucencyLightingVolumeDim:64]]
[2023.02.03-23.02.11:378][  0]LogConfig: Setting CVar [[r.RefractionQuality:2]]
[2023.02.03-23.02.11:378][  0]LogConfig: Setting CVar [[r.SSR.Quality:3]]
[2023.02.03-23.02.11:378][  0]LogConfig: Setting CVar [[r.SSR.HalfResSceneColor:0]]
[2023.02.03-23.02.11:378][  0]LogConfig: Setting CVar [[r.SceneColorFormat:4]]
[2023.02.03-23.02.11:378][  0]LogConfig: Setting CVar [[r.DetailMode:2]]
[2023.02.03-23.02.11:378][  0]LogConfig: Setting CVar [[r.TranslucencyVolumeBlur:1]]
[2023.02.03-23.02.11:378][  0]LogConfig: Setting CVar [[r.MaterialQualityLevel:1 ; High quality]]
[2023.02.03-23.02.11:378][  0]LogConfig: Setting CVar [[r.AnisotropicMaterials:1]]
[2023.02.03-23.02.11:378][  0]LogConfig: Setting CVar [[r.SSS.Scale:1]]
[2023.02.03-23.02.11:378][  0]LogConfig: Setting CVar [[r.SSS.SampleSet:2]]
[2023.02.03-23.02.11:378][  0]LogConfig: Setting CVar [[r.SSS.Quality:1]]
[2023.02.03-23.02.11:378][  0]LogConfig: Setting CVar [[r.SSS.HalfRes:0]]
[2023.02.03-23.02.11:378][  0]LogConfig: Setting CVar [[r.SSGI.Quality:3]]
[2023.02.03-23.02.11:378][  0]LogConfig: Setting CVar [[r.EmitterSpawnRateScale:1.0]]
[2023.02.03-23.02.11:378][  0]LogConfig: Setting CVar [[r.ParticleLightQuality:2]]
[2023.02.03-23.02.11:378][  0]LogConfig: Setting CVar [[r.SkyAtmosphere.AerialPerspectiveLUT.FastApplyOnOpaque:1 ; Always have FastSkyLUT 1 in this case to avoid wrong sky]]
[2023.02.03-23.02.11:378][  0]LogConfig: Setting CVar [[r.SkyAtmosphere.AerialPerspectiveLUT.SampleCountMaxPerSlice:4]]
[2023.02.03-23.02.11:378][  0]LogConfig: Setting CVar [[r.SkyAtmosphere.AerialPerspectiveLUT.DepthResolution:16.0]]
[2023.02.03-23.02.11:378][  0]LogConfig: Setting CVar [[r.SkyAtmosphere.FastSkyLUT:1]]
[2023.02.03-23.02.11:378][  0]LogConfig: Setting CVar [[r.SkyAtmosphere.FastSkyLUT.SampleCountMin:4.0]]
[2023.02.03-23.02.11:378][  0]LogConfig: Setting CVar [[r.SkyAtmosphere.FastSkyLUT.SampleCountMax:128.0]]
[2023.02.03-23.02.11:378][  0]LogConfig: Setting CVar [[r.SkyAtmosphere.SampleCountMin:4.0]]
[2023.02.03-23.02.11:378][  0]LogConfig: Setting CVar [[r.SkyAtmosphere.SampleCountMax:128.0]]
[2023.02.03-23.02.11:378][  0]LogConfig: Setting CVar [[r.SkyAtmosphere.TransmittanceLUT.UseSmallFormat:0]]
[2023.02.03-23.02.11:378][  0]LogConfig: Setting CVar [[r.SkyAtmosphere.TransmittanceLUT.SampleCount:10.0]]
[2023.02.03-23.02.11:378][  0]LogConfig: Setting CVar [[r.SkyAtmosphere.MultiScatteringLUT.SampleCount:15.0]]
[2023.02.03-23.02.11:378][  0]LogConfig: Setting CVar [[r.SkyLight.RealTimeReflectionCapture:1]]
[2023.02.03-23.02.11:378][  0]LogConfig: Applying CVar settings from Section [FoliageQuality@3] File [C:/Users/bittest/Documents/GitHub/ggj-2023/ggj2023/Saved/Config/Windows/Scalability.ini]
[2023.02.03-23.02.11:378][  0]LogConfig: Setting CVar [[foliage.DensityScale:1.0]]
[2023.02.03-23.02.11:378][  0]LogConfig: Setting CVar [[grass.DensityScale:1.0]]
[2023.02.03-23.02.11:378][  0]LogConfig: Applying CVar settings from Section [ShadingQuality@3] File [C:/Users/bittest/Documents/GitHub/ggj-2023/ggj2023/Saved/Config/Windows/Scalability.ini]
[2023.02.03-23.02.11:378][  0]LogConfig: Setting CVar [[r.HairStrands.SkyLighting.IntegrationType:2]]
[2023.02.03-23.02.11:378][  0]LogConfig: Setting CVar [[r.HairStrands.SkyAO.SampleCount:4]]
[2023.02.03-23.02.11:378][  0]LogConfig: Setting CVar [[r.HairStrands.Visibility.MSAA.SamplePerPixel:4]]
[2023.02.03-23.02.11:378][  0]LogInit: Selected Device Profile: [Windows]
[2023.02.03-23.02.11:378][  0]LogInit: Applying CVar settings loaded from the selected device profile: [Windows]
[2023.02.03-23.02.11:378][  0]LogHAL: Display: Platform has ~ 32 GB [34208923648 / 34359738368 / 32], which maps to Largest [LargestMinGB=32, LargerMinGB=12, DefaultMinGB=8, SmallerMinGB=6, SmallestMinGB=0)
[2023.02.03-23.02.11:378][  0]LogInit: Going up to parent DeviceProfile []
[2023.02.03-23.02.11:378][  0]LogConfig: Applying CVar settings from Section [ViewDistanceQuality@3] File [C:/Users/bittest/Documents/GitHub/ggj-2023/ggj2023/Saved/Config/Windows/Scalability.ini]
[2023.02.03-23.02.11:378][  0]LogConfig: Setting CVar [[r.SkeletalMeshLODBias:0]]
[2023.02.03-23.02.11:378][  0]LogConfig: Setting CVar [[r.ViewDistanceScale:1.0]]
[2023.02.03-23.02.11:378][  0]LogConfig: Applying CVar settings from Section [AntiAliasingQuality@3] File [C:/Users/bittest/Documents/GitHub/ggj-2023/ggj2023/Saved/Config/Windows/Scalability.ini]
[2023.02.03-23.02.11:378][  0]LogConfig: Setting CVar [[r.PostProcessAAQuality:4]]
[2023.02.03-23.02.11:378][  0]LogConfig: Applying CVar settings from Section [ShadowQuality@3] File [C:/Users/bittest/Documents/GitHub/ggj-2023/ggj2023/Saved/Config/Windows/Scalability.ini]
[2023.02.03-23.02.11:378][  0]LogConfig: Setting CVar [[r.LightFunctionQuality:1]]
[2023.02.03-23.02.11:378][  0]LogConfig: Setting CVar [[r.ShadowQuality:5]]
[2023.02.03-23.02.11:378][  0]LogConfig: Setting CVar [[r.Shadow.CSM.MaxCascades:10]]
[2023.02.03-23.02.11:378][  0]LogConfig: Setting CVar [[r.Shadow.MaxResolution:2048]]
[2023.02.03-23.02.11:378][  0]LogConfig: Setting CVar [[r.Shadow.MaxCSMResolution:2048]]
[2023.02.03-23.02.11:378][  0]LogConfig: Setting CVar [[r.Shadow.RadiusThreshold:0.01]]
[2023.02.03-23.02.11:378][  0]LogConfig: Setting CVar [[r.Shadow.DistanceScale:1.0]]
[2023.02.03-23.02.11:378][  0]LogConfig: Setting CVar [[r.Shadow.CSM.TransitionScale:1.0]]
[2023.02.03-23.02.11:379][  0]LogConfig: Setting CVar [[r.Shadow.PreShadowResolutionFactor:1.0]]
[2023.02.03-23.02.11:379][  0]LogConfig: Setting CVar [[r.DistanceFieldShadowing:1]]
[2023.02.03-23.02.11:379][  0]LogConfig: Setting CVar [[r.DistanceFieldAO:1]]
[2023.02.03-23.02.11:379][  0]LogConfig: Setting CVar [[r.AOQuality:2]]
[2023.02.03-23.02.11:379][  0]LogConfig: Setting CVar [[r.VolumetricFog:1]]
[2023.02.03-23.02.11:379][  0]LogConfig: Setting CVar [[r.VolumetricFog.GridPixelSize:8]]
[2023.02.03-23.02.11:379][  0]LogConfig: Setting CVar [[r.VolumetricFog.GridSizeZ:128]]
[2023.02.03-23.02.11:379][  0]LogConfig: Setting CVar [[r.VolumetricFog.HistoryMissSupersampleCount:4]]
[2023.02.03-23.02.11:379][  0]LogConfig: Setting CVar [[r.LightMaxDrawDistanceScale:1]]
[2023.02.03-23.02.11:379][  0]LogConfig: Setting CVar [[r.CapsuleShadows:1]]
[2023.02.03-23.02.11:379][  0]LogConfig: Applying CVar settings from Section [PostProcessQuality@3] File [C:/Users/bittest/Documents/GitHub/ggj-2023/ggj2023/Saved/Config/Windows/Scalability.ini]
[2023.02.03-23.02.11:379][  0]LogConfig: Setting CVar [[r.MotionBlurQuality:4]]
[2023.02.03-23.02.11:379][  0]LogConfig: Setting CVar [[r.AmbientOcclusionMipLevelFactor:0.4]]
[2023.02.03-23.02.11:379][  0]LogConfig: Setting CVar [[r.AmbientOcclusionMaxQuality:100]]
[2023.02.03-23.02.11:379][  0]LogConfig: Setting CVar [[r.AmbientOcclusionLevels:-1]]
[2023.02.03-23.02.11:379][  0]LogConfig: Setting CVar [[r.AmbientOcclusionRadiusScale:1.0]]
[2023.02.03-23.02.11:379][  0]LogConfig: Setting CVar [[r.DepthOfFieldQuality:2]]
[2023.02.03-23.02.11:379][  0]LogConfig: Setting CVar [[r.RenderTargetPoolMin:400]]
[2023.02.03-23.02.11:379][  0]LogConfig: Setting CVar [[r.LensFlareQuality:2]]
[2023.02.03-23.02.11:379][  0]LogConfig: Setting CVar [[r.SceneColorFringeQuality:1]]
[2023.02.03-23.02.11:379][  0]LogConfig: Setting CVar [[r.EyeAdaptationQuality:2]]
[2023.02.03-23.02.11:379][  0]LogConfig: Setting CVar [[r.BloomQuality:5]]
[2023.02.03-23.02.11:379][  0]LogConfig: Setting CVar [[r.FastBlurThreshold:100]]
[2023.02.03-23.02.11:379][  0]LogConfig: Setting CVar [[r.Upscale.Quality:3]]
[2023.02.03-23.02.11:379][  0]LogConfig: Setting CVar [[r.Tonemapper.GrainQuantization:1]]
[2023.02.03-23.02.11:379][  0]LogConfig: Setting CVar [[r.LightShaftQuality:1]]
[2023.02.03-23.02.11:379][  0]LogConfig: Setting CVar [[r.Filter.SizeScale:1]]
[2023.02.03-23.02.11:379][  0]LogConfig: Setting CVar [[r.Tonemapper.Quality:5]]
[2023.02.03-23.02.11:379][  0]LogConfig: Setting CVar [[r.DOF.Gather.AccumulatorQuality:1        ; higher gathering accumulator quality]]
[2023.02.03-23.02.11:379][  0]LogConfig: Setting CVar [[r.DOF.Gather.PostfilterMethod:1          ; Median3x3 postfilering method]]
[2023.02.03-23.02.11:379][  0]LogConfig: Setting CVar [[r.DOF.Gather.EnableBokehSettings:0       ; no bokeh simulation when gathering]]
[2023.02.03-23.02.11:379][  0]LogConfig: Setting CVar [[r.DOF.Gather.RingCount:4                 ; medium number of samples when gathering]]
[2023.02.03-23.02.11:379][  0]LogConfig: Setting CVar [[r.DOF.Scatter.ForegroundCompositing:1    ; additive foreground scattering]]
[2023.02.03-23.02.11:379][  0]LogConfig: Setting CVar [[r.DOF.Scatter.BackgroundCompositing:2    ; additive background scattering]]
[2023.02.03-23.02.11:379][  0]LogConfig: Setting CVar [[r.DOF.Scatter.EnableBokehSettings:1      ; bokeh simulation when scattering]]
[2023.02.03-23.02.11:379][  0]LogConfig: Setting CVar [[r.DOF.Scatter.MaxSpriteRatio:0.1         ; only a maximum of 10% of scattered bokeh]]
[2023.02.03-23.02.11:379][  0]LogConfig: Setting CVar [[r.DOF.Recombine.Quality:1                ; cheap slight out of focus]]
[2023.02.03-23.02.11:379][  0]LogConfig: Setting CVar [[r.DOF.Recombine.EnableBokehSettings:0    ; no bokeh simulation on slight out of focus]]
[2023.02.03-23.02.11:379][  0]LogConfig: Setting CVar [[r.DOF.TemporalAAQuality:1                ; more stable temporal accumulation]]
[2023.02.03-23.02.11:379][  0]LogConfig: Setting CVar [[r.DOF.Kernel.MaxForegroundRadius:0.025]]
[2023.02.03-23.02.11:379][  0]LogConfig: Setting CVar [[r.DOF.Kernel.MaxBackgroundRadius:0.025]]
[2023.02.03-23.02.11:379][  0]LogConfig: Applying CVar settings from Section [TextureQuality@3] File [C:/Users/bittest/Documents/GitHub/ggj-2023/ggj2023/Saved/Config/Windows/Scalability.ini]
[2023.02.03-23.02.11:379][  0]LogConfig: Setting CVar [[r.Streaming.MipBias:0]]
[2023.02.03-23.02.11:379][  0]LogConfig: Setting CVar [[r.Streaming.AmortizeCPUToGPUCopy:0]]
[2023.02.03-23.02.11:379][  0]LogConfig: Setting CVar [[r.Streaming.MaxNumTexturesToStreamPerFrame:0]]
[2023.02.03-23.02.11:379][  0]LogConfig: Setting CVar [[r.Streaming.Boost:1]]
[2023.02.03-23.02.11:379][  0]LogConfig: Setting CVar [[r.MaxAnisotropy:8]]
[2023.02.03-23.02.11:379][  0]LogConfig: Setting CVar [[r.VT.MaxAnisotropy:8]]
[2023.02.03-23.02.11:379][  0]LogConfig: Setting CVar [[r.Streaming.LimitPoolSizeToVRAM:0]]
[2023.02.03-23.02.11:379][  0]LogConfig: Setting CVar [[r.Streaming.PoolSize:1000]]
[2023.02.03-23.02.11:379][  0]LogConfig: Setting CVar [[r.Streaming.MaxEffectiveScreenSize:0]]
[2023.02.03-23.02.11:379][  0]LogConfig: Applying CVar settings from Section [EffectsQuality@3] File [C:/Users/bittest/Documents/GitHub/ggj-2023/ggj2023/Saved/Config/Windows/Scalability.ini]
[2023.02.03-23.02.11:379][  0]LogConfig: Setting CVar [[r.TranslucencyLightingVolumeDim:64]]
[2023.02.03-23.02.11:379][  0]LogConfig: Setting CVar [[r.RefractionQuality:2]]
[2023.02.03-23.02.11:379][  0]LogConfig: Setting CVar [[r.SSR.Quality:3]]
[2023.02.03-23.02.11:379][  0]LogConfig: Setting CVar [[r.SSR.HalfResSceneColor:0]]
[2023.02.03-23.02.11:379][  0]LogConfig: Setting CVar [[r.SceneColorFormat:4]]
[2023.02.03-23.02.11:379][  0]LogConfig: Setting CVar [[r.DetailMode:2]]
[2023.02.03-23.02.11:379][  0]LogConfig: Setting CVar [[r.TranslucencyVolumeBlur:1]]
[2023.02.03-23.02.11:379][  0]LogConfig: Setting CVar [[r.MaterialQualityLevel:1 ; High quality]]
[2023.02.03-23.02.11:379][  0]LogConfig: Setting CVar [[r.AnisotropicMaterials:1]]
[2023.02.03-23.02.11:379][  0]LogConfig: Setting CVar [[r.SSS.Scale:1]]
[2023.02.03-23.02.11:379][  0]LogConfig: Setting CVar [[r.SSS.SampleSet:2]]
[2023.02.03-23.02.11:379][  0]LogConfig: Setting CVar [[r.SSS.Quality:1]]
[2023.02.03-23.02.11:379][  0]LogConfig: Setting CVar [[r.SSS.HalfRes:0]]
[2023.02.03-23.02.11:379][  0]LogConfig: Setting CVar [[r.SSGI.Quality:3]]
[2023.02.03-23.02.11:379][  0]LogConfig: Setting CVar [[r.EmitterSpawnRateScale:1.0]]
[2023.02.03-23.02.11:379][  0]LogConfig: Setting CVar [[r.ParticleLightQuality:2]]
[2023.02.03-23.02.11:379][  0]LogConfig: Setting CVar [[r.SkyAtmosphere.AerialPerspectiveLUT.FastApplyOnOpaque:1 ; Always have FastSkyLUT 1 in this case to avoid wrong sky]]
[2023.02.03-23.02.11:379][  0]LogConfig: Setting CVar [[r.SkyAtmosphere.AerialPerspectiveLUT.SampleCountMaxPerSlice:4]]
[2023.02.03-23.02.11:379][  0]LogConfig: Setting CVar [[r.SkyAtmosphere.AerialPerspectiveLUT.DepthResolution:16.0]]
[2023.02.03-23.02.11:379][  0]LogConfig: Setting CVar [[r.SkyAtmosphere.FastSkyLUT:1]]
[2023.02.03-23.02.11:379][  0]LogConfig: Setting CVar [[r.SkyAtmosphere.FastSkyLUT.SampleCountMin:4.0]]
[2023.02.03-23.02.11:379][  0]LogConfig: Setting CVar [[r.SkyAtmosphere.FastSkyLUT.SampleCountMax:128.0]]
[2023.02.03-23.02.11:379][  0]LogConfig: Setting CVar [[r.SkyAtmosphere.SampleCountMin:4.0]]
[2023.02.03-23.02.11:379][  0]LogConfig: Setting CVar [[r.SkyAtmosphere.SampleCountMax:128.0]]
[2023.02.03-23.02.11:379][  0]LogConfig: Setting CVar [[r.SkyAtmosphere.TransmittanceLUT.UseSmallFormat:0]]
[2023.02.03-23.02.11:379][  0]LogConfig: Setting CVar [[r.SkyAtmosphere.TransmittanceLUT.SampleCount:10.0]]
[2023.02.03-23.02.11:379][  0]LogConfig: Setting CVar [[r.SkyAtmosphere.MultiScatteringLUT.SampleCount:15.0]]
[2023.02.03-23.02.11:379][  0]LogConfig: Setting CVar [[r.SkyLight.RealTimeReflectionCapture:1]]
[2023.02.03-23.02.11:379][  0]LogConfig: Applying CVar settings from Section [FoliageQuality@3] File [C:/Users/bittest/Documents/GitHub/ggj-2023/ggj2023/Saved/Config/Windows/Scalability.ini]
[2023.02.03-23.02.11:379][  0]LogConfig: Setting CVar [[foliage.DensityScale:1.0]]
[2023.02.03-23.02.11:379][  0]LogConfig: Setting CVar [[grass.DensityScale:1.0]]
[2023.02.03-23.02.11:379][  0]LogConfig: Applying CVar settings from Section [ShadingQuality@3] File [C:/Users/bittest/Documents/GitHub/ggj-2023/ggj2023/Saved/Config/Windows/Scalability.ini]
[2023.02.03-23.02.11:379][  0]LogConfig: Setting CVar [[r.HairStrands.SkyLighting.IntegrationType:2]]
[2023.02.03-23.02.11:379][  0]LogConfig: Setting CVar [[r.HairStrands.SkyAO.SampleCount:4]]
[2023.02.03-23.02.11:379][  0]LogConfig: Setting CVar [[r.HairStrands.Visibility.MSAA.SamplePerPixel:4]]
[2023.02.03-23.02.11:379][  0]LogConfig: Applying CVar settings from Section [Startup] File [../../../Engine/Config/ConsoleVariables.ini]
[2023.02.03-23.02.11:380][  0]LogConfig: Setting CVar [[net.UseAdaptiveNetUpdateFrequency:0]]
[2023.02.03-23.02.11:380][  0]LogConfig: Setting CVar [[p.chaos.AllowCreatePhysxBodies:1]]
[2023.02.03-23.02.11:380][  0]LogConfig: Setting CVar [[fx.SkipVectorVMBackendOptimizations:1]]
[2023.02.03-23.02.11:380][  0]LogConfig: Applying CVar settings from Section [ConsoleVariables] File [C:/Users/bittest/Documents/GitHub/ggj-2023/ggj2023/Saved/Config/Windows/Engine.ini]
[2023.02.03-23.02.11:380][  0]LogConfig: Applying CVar settings from Section [ConsoleVariables] File [C:/Users/bittest/Documents/GitHub/ggj-2023/ggj2023/Saved/Config/Windows/Editor.ini]
[2023.02.03-23.02.11:380][  0]LogInit: Computer: L-AP236-53
[2023.02.03-23.02.11:380][  0]LogInit: User: bittest
[2023.02.03-23.02.11:380][  0]LogInit: CPU Page size=4096, Cores=10
[2023.02.03-23.02.11:380][  0]LogInit: High frequency timer resolution =10.000000 MHz
[2023.02.03-23.02.11:380][  0]LogMemory: Memory total: Physical=31.9GB (32GB approx)
[2023.02.03-23.02.11:380][  0]LogMemory: Platform Memory Stats for Windows
[2023.02.03-23.02.11:380][  0]LogMemory: Process Physical Memory: 157.33 MB used, 157.33 MB peak
[2023.02.03-23.02.11:380][  0]LogMemory: Process Virtual Memory: 136.98 MB used, 136.98 MB peak
[2023.02.03-23.02.11:380][  0]LogMemory: Physical Memory: 9065.99 MB used,  23558.18 MB free, 32624.17 MB total
[2023.02.03-23.02.11:380][  0]LogMemory: Virtual Memory: 134194840.00 MB used,  22885.69 MB free, 134217728.00 MB total
[2023.02.03-23.02.11:386][  0]LogWindows: WindowsPlatformFeatures enabled
[2023.02.03-23.02.11:403][  0]LogInit: Physics initialised using underlying interface: PhysX
[2023.02.03-23.02.11:403][  0]LogInit: Using OS detected language (en-US).
[2023.02.03-23.02.11:403][  0]LogInit: Using OS detected locale (en-CA).
[2023.02.03-23.02.11:405][  0]LogTextLocalizationManager: No specific localization for 'en-US' exists, so the 'en' localization will be used.
[2023.02.03-23.02.11:533][  0]LogInit: Setting process to per monitor DPI aware
[2023.02.03-23.02.11:544][  0]LogWindowsTextInputMethodSystem: Display: IME system deactivated.
[2023.02.03-23.02.11:552][  0]LogSlate: New Slate User Created.  User Index 0, Is Virtual User: 0
[2023.02.03-23.02.11:552][  0]LogSlate: Slate User Registered.  User Index 0, Is Virtual User: 0
[2023.02.03-23.02.11:647][  0]LogD3D11RHI: Loaded GFSDK_Aftermath_Lib.x64.dll
[2023.02.03-23.02.11:649][  0]LogHMD: Failed to initialize OpenVR with code 110
[2023.02.03-23.02.11:649][  0]LogD3D11RHI: D3D11 min allowed feature level: 11_0
[2023.02.03-23.02.11:649][  0]LogD3D11RHI: D3D11 max allowed feature level: 11_0
[2023.02.03-23.02.11:649][  0]LogD3D11RHI: D3D11 adapters:
[2023.02.03-23.02.11:728][  0]LogD3D11RHI:    0. 'NVIDIA GeForce RTX 3060 Ti' (Feature Level 11_0)
[2023.02.03-23.02.11:728][  0]LogD3D11RHI:       8050/0/16312 MB DedicatedVideo/DedicatedSystem/SharedSystem, Outputs:1, VendorId:0x10de
[2023.02.03-23.02.11:730][  0]LogD3D11RHI:    1. 'Microsoft Basic Render Driver' (Feature Level 11_0)
[2023.02.03-23.02.11:730][  0]LogD3D11RHI:       0/0/16312 MB DedicatedVideo/DedicatedSystem/SharedSystem, Outputs:0, VendorId:0x1414
[2023.02.03-23.02.11:730][  0]LogD3D11RHI: Chosen D3D11 Adapter:
[2023.02.03-23.02.11:730][  0]LogD3D11RHI:     Description : NVIDIA GeForce RTX 3060 Ti
[2023.02.03-23.02.11:730][  0]LogD3D11RHI:     VendorId    : 10de
[2023.02.03-23.02.11:730][  0]LogD3D11RHI:     DeviceId    : 2489
[2023.02.03-23.02.11:730][  0]LogD3D11RHI:     SubSysId    : 405b1458
[2023.02.03-23.02.11:730][  0]LogD3D11RHI:     Revision    : 00a1
[2023.02.03-23.02.11:730][  0]LogD3D11RHI:     DedicatedVideoMemory : 8441036800 bytes
[2023.02.03-23.02.11:730][  0]LogD3D11RHI:     DedicatedSystemMemory : 0 bytes
[2023.02.03-23.02.11:730][  0]LogD3D11RHI:     SharedSystemMemory : 17104461824 bytes
[2023.02.03-23.02.11:730][  0]LogD3D11RHI:     AdapterLuid : 0 38909
[2023.02.03-23.02.11:734][  0]LogD3D11RHI: Creating new Direct3DDevice
[2023.02.03-23.02.11:734][  0]LogD3D11RHI:     GPU DeviceId: 0x2489 (for the marketing name, search the web for "GPU Device Id")
[2023.02.03-23.02.11:734][  0]LogWindows: EnumDisplayDevices:
[2023.02.03-23.02.11:734][  0]LogWindows:    0. 'NVIDIA GeForce RTX 3060 Ti' (P:1 D:1)
[2023.02.03-23.02.11:735][  0]LogWindows:    1. 'NVIDIA GeForce RTX 3060 Ti' (P:0 D:0)
[2023.02.03-23.02.11:735][  0]LogWindows:    2. 'NVIDIA GeForce RTX 3060 Ti' (P:0 D:0)
[2023.02.03-23.02.11:735][  0]LogWindows:    3. 'NVIDIA GeForce RTX 3060 Ti' (P:0 D:0)
[2023.02.03-23.02.11:735][  0]LogWindows: DebugString: FoundDriverCount:4 
[2023.02.03-23.02.11:735][  0]LogD3D11RHI:     Adapter Name: NVIDIA GeForce RTX 3060 Ti
[2023.02.03-23.02.11:735][  0]LogD3D11RHI:   Driver Version: 516.94 (internal:31.0.15.1694, unified:516.94)
[2023.02.03-23.02.11:735][  0]LogD3D11RHI:      Driver Date: 7-21-2022
[2023.02.03-23.02.11:735][  0]LogRHI: Texture pool is 5635 MB (70% of 8050 MB)
[2023.02.03-23.02.11:735][  0]LogD3D11RHI: Creating D3DDevice using adapter:
[2023.02.03-23.02.11:735][  0]LogD3D11RHI:     Description : NVIDIA GeForce RTX 3060 Ti
[2023.02.03-23.02.11:735][  0]LogD3D11RHI:     VendorId    : 10de
[2023.02.03-23.02.11:735][  0]LogD3D11RHI:     DeviceId    : 2489
[2023.02.03-23.02.11:735][  0]LogD3D11RHI:     SubSysId    : 405b1458
[2023.02.03-23.02.11:735][  0]LogD3D11RHI:     Revision    : 00a1
[2023.02.03-23.02.11:735][  0]LogD3D11RHI:     DedicatedVideoMemory : 8441036800 bytes
[2023.02.03-23.02.11:735][  0]LogD3D11RHI:     DedicatedSystemMemory : 0 bytes
[2023.02.03-23.02.11:735][  0]LogD3D11RHI:     SharedSystemMemory : 17104461824 bytes
[2023.02.03-23.02.11:735][  0]LogD3D11RHI:     AdapterLuid : 0 38909
[2023.02.03-23.02.11:784][  0]LogD3D11RHI: RHI has support for 64 bit atomics
[2023.02.03-23.02.11:785][  0]LogD3D11RHI: Async texture creation enabled
[2023.02.03-23.02.11:785][  0]LogD3D11RHI: Array index from any shader is supported
[2023.02.03-23.02.11:785][  0]LogD3D11RHI: HDR output is supported on display 0 (NvId: 0x80061082).
[2023.02.03-23.02.11:796][  0]LogD3D11RHI: GPU Timing Frequency: 1000.000000 (Debug: 2 1)
[2023.02.03-23.02.11:818][  0]LogRHI: GeForceNow SDK initialized: 1
[2023.02.03-23.02.12:056][  0]LogTargetPlatformManager: Display: Loaded TargetPlatform 'AllDesktop'
[2023.02.03-23.02.12:078][  0]LogTargetPlatformManager: Display: Loaded TargetPlatform 'Android'
[2023.02.03-23.02.12:078][  0]LogTargetPlatformManager: Display: Loaded TargetPlatform 'Android_ASTC'
[2023.02.03-23.02.12:078][  0]LogTargetPlatformManager: Display: Loaded TargetPlatform 'Android_DXT'
[2023.02.03-23.02.12:078][  0]LogTargetPlatformManager: Display: Loaded TargetPlatform 'Android_ETC2'
[2023.02.03-23.02.12:078][  0]LogTargetPlatformManager: Display: Loaded TargetPlatform 'AndroidClient'
[2023.02.03-23.02.12:078][  0]LogTargetPlatformManager: Display: Loaded TargetPlatform 'Android_ASTCClient'
[2023.02.03-23.02.12:078][  0]LogTargetPlatformManager: Display: Loaded TargetPlatform 'Android_DXTClient'
[2023.02.03-23.02.12:078][  0]LogTargetPlatformManager: Display: Loaded TargetPlatform 'Android_ETC2Client'
[2023.02.03-23.02.12:078][  0]LogTargetPlatformManager: Display: Loaded TargetPlatform 'Android_Multi'
[2023.02.03-23.02.12:078][  0]LogTargetPlatformManager: Display: Loaded TargetPlatform 'Android_MultiClient'
[2023.02.03-23.02.12:091][  0]LogTargetPlatformManager: Display: Loaded TargetPlatform 'IOSClient'
[2023.02.03-23.02.12:091][  0]LogTargetPlatformManager: Display: Loaded TargetPlatform 'IOS'
[2023.02.03-23.02.12:099][  0]LogTargetPlatformManager: Display: Loaded TargetPlatform 'Linux'
[2023.02.03-23.02.12:102][  0]LogTargetPlatformManager: Display: Loaded TargetPlatform 'LinuxNoEditor'
[2023.02.03-23.02.12:105][  0]LogTargetPlatformManager: Display: Loaded TargetPlatform 'LinuxClient'
[2023.02.03-23.02.12:109][  0]LogTargetPlatformManager: Display: Loaded TargetPlatform 'LinuxServer'
[2023.02.03-23.02.12:116][  0]LogTargetPlatformManager: Display: Loaded TargetPlatform 'LinuxAArch64NoEditor'
[2023.02.03-23.02.12:119][  0]LogTargetPlatformManager: Display: Loaded TargetPlatform 'LinuxAArch64Client'
[2023.02.03-23.02.12:122][  0]LogTargetPlatformManager: Display: Loaded TargetPlatform 'LinuxAArch64Server'
[2023.02.03-23.02.12:143][  0]LogTargetPlatformManager: Display: Loaded TargetPlatform 'Lumin'
[2023.02.03-23.02.12:143][  0]LogTargetPlatformManager: Display: Loaded TargetPlatform 'LuminClient'
[2023.02.03-23.02.12:150][  0]LogTargetPlatformManager: Display: Loaded TargetPlatform 'MacNoEditor'
[2023.02.03-23.02.12:153][  0]LogTargetPlatformManager: Display: Loaded TargetPlatform 'Mac'
[2023.02.03-23.02.12:156][  0]LogTargetPlatformManager: Display: Loaded TargetPlatform 'MacClient'
[2023.02.03-23.02.12:159][  0]LogTargetPlatformManager: Display: Loaded TargetPlatform 'MacServer'
[2023.02.03-23.02.12:167][  0]LogTargetPlatformManager: Display: Loaded TargetPlatform 'TVOSClient'
[2023.02.03-23.02.12:167][  0]LogTargetPlatformManager: Display: Loaded TargetPlatform 'TVOS'
[2023.02.03-23.02.12:175][  0]LogTargetPlatformManager: Display: Loaded TargetPlatform 'WindowsNoEditor'
[2023.02.03-23.02.12:178][  0]LogTargetPlatformManager: Display: Loaded TargetPlatform 'Windows'
[2023.02.03-23.02.12:181][  0]LogTargetPlatformManager: Display: Loaded TargetPlatform 'WindowsClient'
[2023.02.03-23.02.12:184][  0]LogTargetPlatformManager: Display: Loaded TargetPlatform 'WindowsServer'
[2023.02.03-23.02.12:184][  0]LogTargetPlatformManager: Display: Building Assets For Windows
[2023.02.03-23.02.12:189][  0]LogAudioDebug: Display: Lib vorbis DLL was dynamically loaded.
[2023.02.03-23.02.12:210][  0]LogTextureFormatOodle: Display: Oodle Texture 2.9.0 init RDO Off
[2023.02.03-23.02.12:232][  0]LogRendererCore: Ray tracing is disabled. Reason: r.RayTracing=0.
[2023.02.03-23.02.12:232][  0]LogShaderCompilers: Guid format shader working directory is -18 characters bigger than the processId version (../../../../../../Users/bittest/Documents/GitHub/ggj-2023/ggj2023/Intermediate/Shaders/WorkingDirectory/14872/).
[2023.02.03-23.02.12:232][  0]LogShaderCompilers: Cleaned the shader compiler working directory 'C:/Users/bittest/AppData/Local/Temp/UnrealShaderWorkingDir/04FEC47F479501E6123FB18873AD8324/'.
[2023.02.03-23.02.12:233][  0]LogXGEController: Cannot use XGE Controller as Incredibuild is not installed on this machine.
[2023.02.03-23.02.12:233][  0]LogShaderCompilers: Cannot use XGE Shader Compiler as Incredibuild is not installed on this machine.
[2023.02.03-23.02.12:233][  0]LogShaderCompilers: Display: Using Local Shader Compiler.
[2023.02.03-23.02.12:814][  0]LogDerivedDataCache: Display: Max Cache Size: 512 MB
[2023.02.03-23.02.12:863][  0]LogDerivedDataCache: Loaded boot cache 0.05s 94MB C:/Users/bittest/AppData/Local/UnrealEngine/4.27/DerivedDataCache/Boot.ddc.
[2023.02.03-23.02.12:863][  0]LogDerivedDataCache: Display: Loaded Boot cache: C:/Users/bittest/AppData/Local/UnrealEngine/4.27/DerivedDataCache/Boot.ddc
[2023.02.03-23.02.12:863][  0]LogDerivedDataCache: FDerivedDataBackendGraph:  Pak pak cache file ../../../../../../Users/bittest/Documents/GitHub/ggj-2023/ggj2023/DerivedDataCache/DDC.ddp not found, will not use a pak cache.
[2023.02.03-23.02.12:863][  0]LogDerivedDataCache: Unable to find inner node Pak for hierarchical cache Hierarchy.
[2023.02.03-23.02.12:863][  0]LogDerivedDataCache: FDerivedDataBackendGraph:  CompressedPak pak cache file ../../../../../../Users/bittest/Documents/GitHub/ggj-2023/ggj2023/DerivedDataCache/Compressed.ddp not found, will not use a pak cache.
[2023.02.03-23.02.12:863][  0]LogDerivedDataCache: Unable to find inner node CompressedPak for hierarchical cache Hierarchy.
[2023.02.03-23.02.12:877][  0]LogDerivedDataCache: Display: Pak cache opened for reading ../../../Engine/DerivedDataCache/Compressed.ddp.
[2023.02.03-23.02.12:878][  0]LogDerivedDataCache: FDerivedDataBackendGraph:  EnterprisePak pak cache file ../../../Enterprise/DerivedDataCache/Compressed.ddp not found, will not use a pak cache.
[2023.02.03-23.02.12:878][  0]LogDerivedDataCache: Unable to find inner node EnterprisePak for hierarchical cache Hierarchy.
[2023.02.03-23.02.12:885][  0]LogDerivedDataCache: Speed tests for C:/Users/bittest/AppData/Local/UnrealEngine/Common/DerivedDataCache took 0.01 seconds
[2023.02.03-23.02.12:885][  0]LogDerivedDataCache: Display: Performance to C:/Users/bittest/AppData/Local/UnrealEngine/Common/DerivedDataCache: Latency=0.02ms. RandomReadSpeed=288.64MBs, RandomWriteSpeed=224.28MBs. Assigned SpeedClass 'Local'
[2023.02.03-23.02.12:886][  0]LogDerivedDataCache: Using Local data cache path C:/Users/bittest/AppData/Local/UnrealEngine/Common/DerivedDataCache: Writable
[2023.02.03-23.02.12:886][  0]LogDerivedDataCache: Shared data cache path not found in *engine.ini, will not use an Shared cache.
[2023.02.03-23.02.12:886][  0]LogDerivedDataCache: Unable to find inner node Shared for hierarchical cache Hierarchy.
[2023.02.03-23.02.12:925][  0]LogSlate: Using FreeType 2.10.0
[2023.02.03-23.02.12:926][  0]LogSlate: SlateFontServices - WITH_FREETYPE: 1, WITH_HARFBUZZ: 1
[2023.02.03-23.02.12:944][  0]LogAssetRegistry: FAssetRegistry took 0.0029 seconds to start up
[2023.02.03-23.02.13:127][  0]LogInit: Selected Device Profile: [Windows]
[2023.02.03-23.02.13:127][  0]LogInit: Active device profile: [0000023725BA5F00][0000023726A052C0 49] Windows
[2023.02.03-23.02.13:127][  0]LogInit: Profiles: [0000023725BA5F00][0000023726A052C0 49] Windows, [0000023725B07A00][0000023726A15440 49] WindowsNoEditor, [0000023725BA5A00][0000023726A3F5C0 49] WindowsServer, [0000023725B07800][0000023726A4B740 49] WindowsClient, [0000023725BA5B00][000002371A1218C0 49] IOS, [0000023725B07D00][000002371A15FA40 49] iPadAir, [0000023725BA5500][000002371A163BC0 49] iPadAir2, [0000023727211300][000002371A16A300 49] IPadPro, [0000023727211400][000002371A166340 49] iPadAir3, [0000023725BA7B00][00000237269FE4C0 49] iPadAir4, [0000023727213300][000002371A16E640 49] iPadMini2, [0000023725BA4800][0000023726A08780 49] iPadMini3, [0000023727210D00][000002371A1728C0 49] iPadMini4, [0000023725BA7400][000002371A0FAA00 49] iPadMini5, [000002372722CC00][0000023719F84C80 49] iPhone6, [000002372722CD00][000002371A0FECC0 49] iPodTouch6, [0000023725B07400][0000023719F9AF80 49] iPhone7, [0000023725B07500][0000023719F8CFC0 49] iPodTouch7, [000002372722ED00][000002372675B140 49] iPhone5S, [0000023725B06F00][000002372675F2C0 49] iPhone6Plus, [000002372722C800][0000023726763440 49] iPhone6S, [0000023725B06D00][00000237267675C0 49] iPhone6SPlus, [000002372722E300][000002372677F740 49] iPhone7Plus, [0000023725B04A00][000002372678F8C0 49] iPhoneSE, [000002372722CE00][000002371A0B3A40 49] iPhone8, [0000023725B06E00][000002371A0B7BC0 49] iPhone8Plus, [000002372722F900][000002371A0BE1C0 49] iPhoneX, [0000023725B06A00][000002371A0C2340 49] iPhoneXS, [000002372722F000][000002371A0CA4C0 49] iPhoneXSMax, [0000023725B05A00][0000023719F50640 49] iPhoneXR, [000002372722F500][0000023719F547C0 49] iPhone11, [0000023725B05D00][000002371A0CE940 49] iPhone11Pro, [000002372722DB00][000002371A102A80 49] iPhone11ProMax, [0000023725B04800][000002371A0D2BC0 49] iPhoneSE2, [000002372722DF00][000002371A0E0D00 49] iPhone12Mini, [0000023725B06600][000002371A0E8E80 49] iPhone12, [000002372722EB00][000002371A0C7000 49] iPhone12Pro, [0000023725B06700][000002371A0BB180 49] iPhone12ProMax, [000002372722F600][000002372678B300 49] iPadPro105, [0000023725B06500][0000023719F6D480 49] iPadPro129, [000002372722FF00][0000023719F71600 49] iPadPro97, [0000023725B04700][0000023719F75780 49] iPadPro2_129, [0000023725BA6200][0000023719F79900 49] iPad5, [0000023725D9C800][0000023719F7DA80 49] iPad6, [0000023725B05F00][0000023719F81C00 49] iPad7, [000002372722C200][0000023726BA2200 49] iPad8, [0000023725BA6A00][0000023726BA6380 49] iPadPro11, [000002372722C600][0000023726BAA500 49] iPadPro2_11, [0000023725BA6C00][0000023726BAE680 49] iPadPro3_129, [000002372722E500][0000023726BB2800 49] iPadPro4_129, [0000023725B04200][0000023726BB6980 49] AppleTV, [000002372722DC00][0000023726BBAB00 49] AppleTV4K, [0000023725B05200][000002371A0E4C40 49] TVOS, [000002372722CF00][0000023726BBED80 49] Mac, [0000023725B07200][0000023726BC2EC0 49] MacClient, [000002372722C400][00000237269CD040 49] MacNoEditor, [0000023725B07B00][00000237269D11C0 49] MacServer, [000002372722EE00][00000237269D5340 49] Linux, [0000023725B07C00][00000237269D94C0 49] LinuxAArch64, [000002372722D400][00000237269DD640 49] LinuxNoEditor, [0000023725B06C00][00000237269E17C0 49] LinuxAArch64NoEditor, [000002372722E200][00000237269E5940 49] LinuxClient, [0000023725B07600][00000237269E9AC0 49] LinuxAArch64Client, [000002372722D700][00000237269EC0C0 49] LinuxServer, [0000023725B04D00][00000237269F0240 49] LinuxAArch64Server, [000002372722E600][00000237269F43C0 49] Android, [0000023725B07100][00000237269F8540 49] Android_Low, [000002372722EC00][00000237266506C0 49] Android_Mid, [0000023725B06100][0000023726654840 49] Android_High, [000002372722DE00][00000237266589C0 49] Android_Default, [0000023725B05100][000002372665CB40 49] Android_Adreno4xx, [000002372722D600][0000023726660CC0 49] Android_Adreno5xx_Low, [0000023725B04F00][0000023726BC6E00 49] Android_Adreno5xx, [000002372722F800][0000023726664F40 49] Android_Adreno6xx, [0000023725B05300][0000023726669080 49] Android_Adreno6xx_Vulkan, [000002372722D500][000002372666D1C0 49] Android_Mali_T6xx, [0000023725B06400][0000023726675340 49] Android_Mali_T7xx, [000002372722FD00][00000237266794C0 49] Android_Mali_T8xx, [0000023725B06800][000002372667D640 49] Android_Mali_G71, [000002372722EF00][00000237266817C0 49] Android_Mali_G72, [0000023725B07E00][0000023726685940 49] Android_Mali_G72_Vulkan, [000002372722CA00][0000023726689AC0 49] Android_Mali_G76, [0000023725B05000][000002372668C0C0 49] Android_Mali_G76_Vulkan, [000002372722F300][0000023726690240 49] Android_Mali_G77, [0000023725B05E00][00000237266943C0 49] Android_Mali_G77_Vulkan, [000002372722F200][0000023726698540 49] Android_Mali_G78, [0000023727211000][000002372669C6C0 49] Android_Mali_G78_Vulkan, [0000023725BA7000][00000237266A0840 49] Android_Mali_G710, [0000023727212C00][00000237266A49C0 49] Android_Mali_G710_Vulkan, [0000023725BA6100][00000237266A8B40 49] Android_Vulkan_SM5, [0000023727213C00][00000237266ACCC0 49] Android_PowerVR_G6xxx, [0000023725BA5800][00000237266B0E40 49] Android_PowerVR_GT7xxx, [0000023727211F00][0000023726670F80 49] Android_PowerVR_GE8xxx, [0000023725BA6300][00000237266B50C0 49] Android_PowerVR_GM9xxx, [0000023727213100][00000237266B9200 49] Android_PowerVR_GM9xxx_Vulkan, [0000023725BA4B00][00000237266BD340 49] Android_TegraK1, [0000023727212600][00000237266C54C0 49] Android_Unknown_Vulkan, [0000023725BA5700][00000237266C9640 49] Lumin, [0000023725D9D700][00000237266CD7C0 49] Lumin_Desktop, [0000023725BA4D00][00000237266D1940 49] HoloLens, 
[2023.02.03-23.02.13:221][  0]LogMeshReduction: Using QuadricMeshReduction for automatic static mesh reduction
[2023.02.03-23.02.13:222][  0]LogMeshReduction: Using SimplygonMeshReduction for automatic skeletal mesh reduction
[2023.02.03-23.02.13:222][  0]LogMeshReduction: Using ProxyLODMeshReduction for automatic mesh merging
[2023.02.03-23.02.13:222][  0]LogMeshReduction: No distributed automatic mesh merging module available
[2023.02.03-23.02.13:222][  0]LogMeshMerging: No distributed automatic mesh merging module available
[2023.02.03-23.02.13:233][  0]LogNetVersion: ggj2023 1.0.0, NetCL: 17155196, EngineNetVer: 17, GameNetVer: 0 (Checksum: 2262209438)
[2023.02.03-23.02.13:501][  0]LogTexture: Default maximum texture size for cubemaps generated from long-lat sources has been changed from 512 to unlimited. In order to preserve old behaiour for '/Engine/MapTemplates/Sky/DaylightAmbientCubemap.DaylightAmbientCubemap', its maximum texture size has been explicitly set to 512.
[2023.02.03-23.02.13:540][  0]LogHMD: PokeAHoleMaterial loaded successfully
[2023.02.03-23.02.13:545][  0]LogUObjectArray: 17178 objects as part of root set at end of initial load.
[2023.02.03-23.02.13:545][  0]LogUObjectAllocator: 4302048 out of 0 bytes used by permanent object pool.
[2023.02.03-23.02.13:545][  0]LogUObjectArray: CloseDisregardForGC: 0/0 objects in disregard for GC pool
[2023.02.03-23.02.13:654][  0]LogNiagaraDebuggerClient: Niagara Debugger Client Initialized | Session: 451699BD4DDFD454EE7D6ABCC1F3A7D8 | Instance: C615C53D4B8CEFE3A526408E85D88AAA (L-AP236-53-14872).
[2023.02.03-23.02.13:806][  0]LogPython: Using Python 3.7.7
[2023.02.03-23.02.14:190][  0]LogTcpMessaging: Initializing TcpMessaging bridge
[2023.02.03-23.02.14:192][  0]LogUdpMessaging: Initializing bridge on interface 0.0.0.0:0 to multicast group 230.0.0.1:6666.
[2023.02.03-23.02.14:293][  0]SourceControl: Source control is disabled
[2023.02.03-23.02.14:293][  0]SourceControl: Source control is disabled
[2023.02.03-23.02.14:295][  0]SourceControl: Source control is disabled
[2023.02.03-23.02.14:297][  0]SourceControl: Source control is disabled
[2023.02.03-23.02.14:301][  0]SourceControl: Source control is disabled
[2023.02.03-23.02.14:307][  0]LogUProjectInfo: Found projects:
[2023.02.03-23.02.14:454][  0]LogOpenImageDenoise: OIDN starting up
[2023.02.03-23.02.14:473][  0]LogAndroidPermission: UAndroidPermissionCallbackProxy::GetInstance
[2023.02.03-23.02.14:488][  0]LogAudioCaptureCore: Display: No Audio Capture implementations found. Audio input will be silent.
[2023.02.03-23.02.14:488][  0]LogAudioCaptureCore: Display: No Audio Capture implementations found. Audio input will be silent.
[2023.02.03-23.02.14:576][  0]LogCollectionManager: Loaded 0 collections in 0.001049 seconds
[2023.02.03-23.02.14:594][  0]LogFileCache: Scanning file cache for directory 'C:/Users/bittest/Documents/GitHub/ggj-2023/ggj2023/Saved/Collections/' took 0.00s
[2023.02.03-23.02.14:594][  0]LogFileCache: Scanning file cache for directory 'C:/Users/bittest/Documents/GitHub/ggj-2023/ggj2023/Content/Developers/bittest/Collections/' took 0.00s
[2023.02.03-23.02.14:594][  0]LogFileCache: Scanning file cache for directory 'C:/Users/bittest/Documents/GitHub/ggj-2023/ggj2023/Content/Collections/' took 0.00s
[2023.02.03-23.02.14:594][  0]LogOcInput: OculusInput pre-init called
[2023.02.03-23.02.14:756][  0]LogEngine: Initializing Engine...
[2023.02.03-23.02.14:758][  0]LogHMD: Failed to enumerate extensions. Please check that you have a valid OpenXR runtime installed.
[2023.02.03-23.02.14:758][  0]LogHMD: Failed to initialize OpenVR with code 110
[2023.02.03-23.02.14:758][  0]LogMagicLeap: Warning: VR disabled because ZI is not enabled.  To enable, in the editor, Edit -> Project Settings -> Plugins -> Magic Leap Plugin -> Enable Zero Iteration
[2023.02.03-23.02.14:759][  0]LogStats: UGameplayTagsManager::InitializeManager -  0.000 s
[2023.02.03-23.02.14:844][  0]LogInit: Initializing FReadOnlyCVARCache
[2023.02.03-23.02.14:850][  0]LogAIModule: Creating AISystem for world Untitled
[2023.02.03-23.02.14:856][  0]LogAudio: Display: Initializing Audio Device Manager...
[2023.02.03-23.02.14:859][  0]LogAudio: Display: Loading Default Audio Settings Objects...
[2023.02.03-23.02.14:859][  0]LogAudio: Display: No default SoundConcurrencyObject specified (or failed to load).
[2023.02.03-23.02.14:859][  0]LogAudio: Display: Audio Device Manager Initialized
[2023.02.03-23.02.14:859][  0]LogAudio: Display: Creating Audio Device:                 Id: 1, Scope: Shared, Realtime: True
[2023.02.03-23.02.14:859][  0]LogAudioMixer: Display: Audio Mixer Platform Settings:
[2023.02.03-23.02.14:859][  0]LogAudioMixer: Display: 	Sample Rate:						  48000
[2023.02.03-23.02.14:860][  0]LogAudioMixer: Display: 	Callback Buffer Frame Size Requested: 1024
[2023.02.03-23.02.14:860][  0]LogAudioMixer: Display: 	Callback Buffer Frame Size To Use:	  1024
[2023.02.03-23.02.14:860][  0]LogAudioMixer: Display: 	Number of buffers to queue:			  2
[2023.02.03-23.02.14:860][  0]LogAudioMixer: Display: 	Max Channels (voices):				  32
[2023.02.03-23.02.14:860][  0]LogAudioMixer: Display: 	Number of Async Source Workers:		  0
[2023.02.03-23.02.14:860][  0]LogAudio: Display: AudioDevice MaxSources: 32
[2023.02.03-23.02.14:860][  0]LogAudio: Display: Audio Spatialization Plugin: None (built-in).
[2023.02.03-23.02.14:860][  0]LogAudio: Display: Audio Reverb Plugin: None (built-in).
[2023.02.03-23.02.14:860][  0]LogAudio: Display: Audio Occlusion Plugin: None (built-in).
[2023.02.03-23.02.14:860][  0]LogAudioMixer: Display: Initializing audio mixer.
[2023.02.03-23.02.14:868][  0]LogAudioMixer: Display: 0: FrontLeft
[2023.02.03-23.02.14:868][  0]LogAudioMixer: Display: 1: FrontRight
[2023.02.03-23.02.14:888][  0]LogAudioMixer: Display: Using Audio Device Speakers (SteelSeries Arctis 1 Wireless)
[2023.02.03-23.02.14:889][  0]LogAudioMixer: Display: Initializing Sound Submixes...
[2023.02.03-23.02.14:890][  0]LogAudioMixer: Display: Creating Master Submix 'MasterSubmixDefault'
[2023.02.03-23.02.14:890][  0]LogAudioMixer: Display: Creating Master Submix 'MasterReverbSubmixDefault'
[2023.02.03-23.02.14:891][  0]LogAudioMixer: Display: Creating Master Submix 'MasterEQSubmixDefault'
[2023.02.03-23.02.14:891][  0]LogAudioMixer: FMixerPlatformXAudio2::StartAudioStream() called
[2023.02.03-23.02.14:891][  0]LogAudioMixer: Display: Output buffers initialized: Frames=1024, Channels=2, Samples=2048
[2023.02.03-23.02.14:892][  0]LogAudioMixer: Display: Starting AudioMixerPlatformInterface::RunInternal()
[2023.02.03-23.02.14:892][  0]LogAudioMixer: Display: FMixerPlatformXAudio2::SubmitBuffer() called for the first time
[2023.02.03-23.02.14:892][  0]LogInit: FAudioDevice initialized.
[2023.02.03-23.02.14:892][  0]LogAudio: Display: Audio Device (ID: 1) registered with world 'Untitled'.
[2023.02.03-23.02.14:892][  0]LogNetVersion: Set ProjectVersion to 1.0.0.0. Version Checksum will be recalculated on next use.
[2023.02.03-23.02.14:936][  0]LogDerivedDataCache: Saved boot cache 0.04s 94MB C:/Users/bittest/AppData/Local/UnrealEngine/4.27/DerivedDataCache/Boot.ddc.
[2023.02.03-23.02.14:936][  0]LogInit: Texture streaming: Enabled
[2023.02.03-23.02.14:944][  0]LogAnalytics: Display: [UEEditor.Rocket.Release] APIServer = https://datarouter.ol.epicgames.com/. AppVersion = 4.27.2-18319896+++UE4+Release-4.27
[2023.02.03-23.02.14:947][  0]LogEngineSessionManager: EngineSessionManager initialized
[2023.02.03-23.02.14:947][  0]LogEditorSessionSummary: Verbose: Initializing EditorSessionSummaryWriter for editor session tracking
[2023.02.03-23.02.14:948][  0]LogEditorSessionSummary: EditorSessionSummaryWriter initialized
[2023.02.03-23.02.14:967][  0]LogInit: Transaction tracking system initialized
[2023.02.03-23.02.14:981][  0]BlueprintLog: New page: Editor Load
[2023.02.03-23.02.15:020][  0]LocalizationService: Localization service is disabled
[2023.02.03-23.02.15:036][  0]TimingProfiler: Initialize
[2023.02.03-23.02.15:036][  0]TimingProfiler: OnSessionChanged
[2023.02.03-23.02.15:036][  0]LoadingProfiler: Initialize
[2023.02.03-23.02.15:036][  0]LoadingProfiler: OnSessionChanged
[2023.02.03-23.02.15:036][  0]NetworkingProfiler: Initialize
[2023.02.03-23.02.15:036][  0]NetworkingProfiler: OnSessionChanged
[2023.02.03-23.02.15:036][  0]MemoryProfiler: Initialize
[2023.02.03-23.02.15:037][  0]MemoryProfiler: OnSessionChanged
[2023.02.03-23.02.15:143][  0]LogCook: Display: CookSettings for Memory: MemoryMaxUsedVirtual 0MiB, MemoryMaxUsedPhysical 16384MiB, MemoryMinFreeVirtual 0MiB, MemoryMinFreePhysical 1024MiB
[2023.02.03-23.02.15:143][  0]LogFileCache: Scanning file cache for directory 'C:/Users/bittest/Documents/GitHub/ggj-2023/ggj2023/Content/' took 0.00s
[2023.02.03-23.02.15:143][  0]LogCook: Display: Mobile HDR setting 1
[2023.02.03-23.02.15:389][  0]LogInit: Display: Engine is initialized. Leaving FEngineLoop::Init()
[2023.02.03-23.02.15:391][  0]SourceControl: Source control is disabled
[2023.02.03-23.02.15:391][  0]LogUnrealEdMisc: Loading editor; pre map load, took 5.281
[2023.02.03-23.02.15:392][  0]Cmd: MAP LOAD FILE="../../../Engine/Content/Maps/Templates/Template_Default.umap" TEMPLATE=1 SHOWPROGRESS=1 FEATURELEVEL=3
[2023.02.03-23.02.15:392][  0]LightingResults: New page: Lighting Build
[2023.02.03-23.02.15:393][  0]LogWorld: UWorld::CleanupWorld for Untitled, bSessionEnded=true, bCleanupResources=true
[2023.02.03-23.02.15:393][  0]LogSlate: InvalidateAllWidgets triggered.  All widgets were invalidated
[2023.02.03-23.02.15:393][  0]MapCheck: New page: Map Check
[2023.02.03-23.02.15:393][  0]LightingResults: New page: Lighting Build
[2023.02.03-23.02.15:396][  0]LogAudio: Display: Audio Device unregistered from world 'None'.
[2023.02.03-23.02.15:398][  0]LogUObjectHash: Compacting FUObjectHashTables data took   0.61ms
[2023.02.03-23.02.15:437][  0]LogTexture: Display: Building textures: DeprecatedTextureEB9CBE3C423008B5E8E130901E171C89 (BGRA8, 128X128)
[2023.02.03-23.02.15:442][  0]LogAudio: Display: Audio Device (ID: 1) registered with world 'Untitled_1'.
[2023.02.03-23.02.15:443][  0]LogAIModule: Creating AISystem for world Untitled_1
[2023.02.03-23.02.15:445][  0]LogEditorServer: Finished looking for orphan Actors (0.000 secs)
[2023.02.03-23.02.15:451][  0]LogUObjectHash: Compacting FUObjectHashTables data took   0.87ms
[2023.02.03-23.02.15:451][  0]Cmd: MAP CHECKDEP NOCLEARLOG
[2023.02.03-23.02.15:451][  0]MapCheck: Map check complete: 0 Error(s), 0 Warning(s), took 0.103ms to complete.
[2023.02.03-23.02.15:451][  0]LogFileHelpers: Loading map 'Template_Default' took 0.060
[2023.02.03-23.02.15:453][  0]LogUnrealEdMisc: Total Editor Startup Time, took 5.343
[2023.02.03-23.02.15:555][  0]LogSlate: Updating window title bar state: overlay mode, drag disabled, window buttons hidden, title bar hidden
[2023.02.03-23.02.15:560][  0]LogSlate: Updating window title bar state: overlay mode, drag disabled, window buttons hidden, title bar hidden
[2023.02.03-23.02.15:563][  0]LogSlate: Updating window title bar state: overlay mode, drag disabled, window buttons hidden, title bar hidden
[2023.02.03-23.02.15:567][  0]LogSlate: Updating window title bar state: overlay mode, drag disabled, window buttons hidden, title bar hidden
[2023.02.03-23.02.15:577][  0]LogNativeClassHierarchy: Verbose: Native class hierarchy populated in 0.0069 seconds. Added 3822 classes and 928 folders.
[2023.02.03-23.02.15:578][  0]LogNativeClassHierarchy: Verbose: Native class hierarchy updated for 'WidgetCarousel' in 0.0002 seconds. Added 0 classes and 0 folders.
[2023.02.03-23.02.15:579][  0]LogPakFile: PakFile PrimaryIndexSize=187
[2023.02.03-23.02.15:579][  0]LogPakFile: PakFile PathHashIndexSize=101
[2023.02.03-23.02.15:579][  0]LogPakFile: PakFile FullDirectoryIndexSize=148
[2023.02.03-23.02.15:579][  0]LogShaderLibrary: Display: ShaderCodeLibraryPakFileMountedCallback: PakFile 'C:/Program Files/Epic Games/UE_4.27/FeaturePacks/FP_FirstPerson.upack' (chunk index -1, root 'root:/') mounted
[2023.02.03-23.02.15:579][  0]LogShaderLibrary: Display: ShaderCodeLibraryPakFileMountedCallback: pending pak file info (ChunkID:-1 Root:root:/ File:C:/Program Files/Epic Games/UE_4.27/FeaturePacks/FP_FirstPerson.upack)
[2023.02.03-23.02.15:579][  0]LogPakFile: OnPakFileMounted2Time == 0.000041
[2023.02.03-23.02.15:580][  0]LogPakFile: PakFile PrimaryIndexSize=189
[2023.02.03-23.02.15:580][  0]LogPakFile: PakFile PathHashIndexSize=101
[2023.02.03-23.02.15:580][  0]LogPakFile: PakFile FullDirectoryIndexSize=152
[2023.02.03-23.02.15:580][  0]LogShaderLibrary: Display: ShaderCodeLibraryPakFileMountedCallback: PakFile 'C:/Program Files/Epic Games/UE_4.27/FeaturePacks/FP_FirstPersonBP.upack' (chunk index -1, root 'root:/') mounted
[2023.02.03-23.02.15:580][  0]LogShaderLibrary: Display: ShaderCodeLibraryPakFileMountedCallback: pending pak file info (ChunkID:-1 Root:root:/ File:C:/Program Files/Epic Games/UE_4.27/FeaturePacks/FP_FirstPersonBP.upack)
[2023.02.03-23.02.15:580][  0]LogPakFile: OnPakFileMounted2Time == 0.000029
[2023.02.03-23.02.15:580][  0]LogPakFile: PakFile PrimaryIndexSize=191
[2023.02.03-23.02.15:580][  0]LogPakFile: PakFile PathHashIndexSize=101
[2023.02.03-23.02.15:580][  0]LogPakFile: PakFile FullDirectoryIndexSize=160
[2023.02.03-23.02.15:580][  0]LogShaderLibrary: Display: ShaderCodeLibraryPakFileMountedCallback: PakFile 'C:/Program Files/Epic Games/UE_4.27/FeaturePacks/MobileStarterContent.upack' (chunk index -1, root 'root:/') mounted
[2023.02.03-23.02.15:580][  0]LogShaderLibrary: Display: ShaderCodeLibraryPakFileMountedCallback: pending pak file info (ChunkID:-1 Root:root:/ File:C:/Program Files/Epic Games/UE_4.27/FeaturePacks/MobileStarterContent.upack)
[2023.02.03-23.02.15:580][  0]LogPakFile: OnPakFileMounted2Time == 0.000028
[2023.02.03-23.02.15:581][  0]LogPakFile: PakFile PrimaryIndexSize=185
[2023.02.03-23.02.15:581][  0]LogPakFile: PakFile PathHashIndexSize=101
[2023.02.03-23.02.15:581][  0]LogPakFile: PakFile FullDirectoryIndexSize=148
[2023.02.03-23.02.15:581][  0]LogShaderLibrary: Display: ShaderCodeLibraryPakFileMountedCallback: PakFile 'C:/Program Files/Epic Games/UE_4.27/FeaturePacks/StarterContent.upack' (chunk index -1, root 'root:/') mounted
[2023.02.03-23.02.15:581][  0]LogShaderLibrary: Display: ShaderCodeLibraryPakFileMountedCallback: pending pak file info (ChunkID:-1 Root:root:/ File:C:/Program Files/Epic Games/UE_4.27/FeaturePacks/StarterContent.upack)
[2023.02.03-23.02.15:581][  0]LogPakFile: OnPakFileMounted2Time == 0.000027
[2023.02.03-23.02.15:581][  0]LogPakFile: PakFile PrimaryIndexSize=190
[2023.02.03-23.02.15:581][  0]LogPakFile: PakFile PathHashIndexSize=101
[2023.02.03-23.02.15:581][  0]LogPakFile: PakFile FullDirectoryIndexSize=154
[2023.02.03-23.02.15:581][  0]LogShaderLibrary: Display: ShaderCodeLibraryPakFileMountedCallback: PakFile 'C:/Program Files/Epic Games/UE_4.27/FeaturePacks/TP_2DSideScroller.upack' (chunk index -1, root 'root:/') mounted
[2023.02.03-23.02.15:581][  0]LogShaderLibrary: Display: ShaderCodeLibraryPakFileMountedCallback: pending pak file info (ChunkID:-1 Root:root:/ File:C:/Program Files/Epic Games/UE_4.27/FeaturePacks/TP_2DSideScroller.upack)
[2023.02.03-23.02.15:581][  0]LogPakFile: OnPakFileMounted2Time == 0.000028
[2023.02.03-23.02.15:581][  0]LogPakFile: PakFile PrimaryIndexSize=192
[2023.02.03-23.02.15:581][  0]LogPakFile: PakFile PathHashIndexSize=101
[2023.02.03-23.02.15:581][  0]LogPakFile: PakFile FullDirectoryIndexSize=158
[2023.02.03-23.02.15:581][  0]LogShaderLibrary: Display: ShaderCodeLibraryPakFileMountedCallback: PakFile 'C:/Program Files/Epic Games/UE_4.27/FeaturePacks/TP_2DSideScrollerBP.upack' (chunk index -1, root 'root:/') mounted
[2023.02.03-23.02.15:581][  0]LogShaderLibrary: Display: ShaderCodeLibraryPakFileMountedCallback: pending pak file info (ChunkID:-1 Root:root:/ File:C:/Program Files/Epic Games/UE_4.27/FeaturePacks/TP_2DSideScrollerBP.upack)
[2023.02.03-23.02.15:581][  0]LogPakFile: OnPakFileMounted2Time == 0.000025
[2023.02.03-23.02.15:582][  0]LogPakFile: PakFile PrimaryIndexSize=182
[2023.02.03-23.02.15:582][  0]LogPakFile: PakFile PathHashIndexSize=101
[2023.02.03-23.02.15:582][  0]LogPakFile: PakFile FullDirectoryIndexSize=138
[2023.02.03-23.02.15:582][  0]LogShaderLibrary: Display: ShaderCodeLibraryPakFileMountedCallback: PakFile 'C:/Program Files/Epic Games/UE_4.27/FeaturePacks/TP_Flying.upack' (chunk index -1, root 'root:/') mounted
[2023.02.03-23.02.15:582][  0]LogShaderLibrary: Display: ShaderCodeLibraryPakFileMountedCallback: pending pak file info (ChunkID:-1 Root:root:/ File:C:/Program Files/Epic Games/UE_4.27/FeaturePacks/TP_Flying.upack)
[2023.02.03-23.02.15:582][  0]LogPakFile: OnPakFileMounted2Time == 0.000026
[2023.02.03-23.02.15:582][  0]LogPakFile: PakFile PrimaryIndexSize=184
[2023.02.03-23.02.15:582][  0]LogPakFile: PakFile PathHashIndexSize=101
[2023.02.03-23.02.15:582][  0]LogPakFile: PakFile FullDirectoryIndexSize=142
[2023.02.03-23.02.15:582][  0]LogShaderLibrary: Display: ShaderCodeLibraryPakFileMountedCallback: PakFile 'C:/Program Files/Epic Games/UE_4.27/FeaturePacks/TP_FlyingBP.upack' (chunk index -1, root 'root:/') mounted
[2023.02.03-23.02.15:582][  0]LogShaderLibrary: Display: ShaderCodeLibraryPakFileMountedCallback: pending pak file info (ChunkID:-1 Root:root:/ File:C:/Program Files/Epic Games/UE_4.27/FeaturePacks/TP_FlyingBP.upack)
[2023.02.03-23.02.15:582][  0]LogPakFile: OnPakFileMounted2Time == 0.000025
[2023.02.03-23.02.15:583][  0]LogPakFile: PakFile PrimaryIndexSize=188
[2023.02.03-23.02.15:583][  0]LogPakFile: PakFile PathHashIndexSize=101
[2023.02.03-23.02.15:583][  0]LogPakFile: PakFile FullDirectoryIndexSize=150
[2023.02.03-23.02.15:583][  0]LogShaderLibrary: Display: ShaderCodeLibraryPakFileMountedCallback: PakFile 'C:/Program Files/Epic Games/UE_4.27/FeaturePacks/TP_HandheldARBP.upack' (chunk index -1, root 'root:/') mounted
[2023.02.03-23.02.15:583][  0]LogShaderLibrary: Display: ShaderCodeLibraryPakFileMountedCallback: pending pak file info (ChunkID:-1 Root:root:/ File:C:/Program Files/Epic Games/UE_4.27/FeaturePacks/TP_HandheldARBP.upack)
[2023.02.03-23.02.15:583][  0]LogPakFile: OnPakFileMounted2Time == 0.000025
[2023.02.03-23.02.15:583][  0]LogPakFile: PakFile PrimaryIndexSize=182
[2023.02.03-23.02.15:583][  0]LogPakFile: PakFile PathHashIndexSize=101
[2023.02.03-23.02.15:583][  0]LogPakFile: PakFile FullDirectoryIndexSize=138
[2023.02.03-23.02.15:583][  0]LogShaderLibrary: Display: ShaderCodeLibraryPakFileMountedCallback: PakFile 'C:/Program Files/Epic Games/UE_4.27/FeaturePacks/TP_Puzzle.upack' (chunk index -1, root 'root:/') mounted
[2023.02.03-23.02.15:583][  0]LogShaderLibrary: Display: ShaderCodeLibraryPakFileMountedCallback: pending pak file info (ChunkID:-1 Root:root:/ File:C:/Program Files/Epic Games/UE_4.27/FeaturePacks/TP_Puzzle.upack)
[2023.02.03-23.02.15:583][  0]LogPakFile: OnPakFileMounted2Time == 0.000025
[2023.02.03-23.02.15:583][  0]LogPakFile: PakFile PrimaryIndexSize=184
[2023.02.03-23.02.15:583][  0]LogPakFile: PakFile PathHashIndexSize=101
[2023.02.03-23.02.15:583][  0]LogPakFile: PakFile FullDirectoryIndexSize=142
[2023.02.03-23.02.15:583][  0]LogShaderLibrary: Display: ShaderCodeLibraryPakFileMountedCallback: PakFile 'C:/Program Files/Epic Games/UE_4.27/FeaturePacks/TP_PuzzleBP.upack' (chunk index -1, root 'root:/') mounted
[2023.02.03-23.02.15:584][  0]LogShaderLibrary: Display: ShaderCodeLibraryPakFileMountedCallback: pending pak file info (ChunkID:-1 Root:root:/ File:C:/Program Files/Epic Games/UE_4.27/FeaturePacks/TP_PuzzleBP.upack)
[2023.02.03-23.02.15:584][  0]LogPakFile: OnPakFileMounted2Time == 0.000026
[2023.02.03-23.02.15:584][  0]LogPakFile: PakFile PrimaryIndexSize=183
[2023.02.03-23.02.15:584][  0]LogPakFile: PakFile PathHashIndexSize=101
[2023.02.03-23.02.15:584][  0]LogPakFile: PakFile FullDirectoryIndexSize=140
[2023.02.03-23.02.15:584][  0]LogShaderLibrary: Display: ShaderCodeLibraryPakFileMountedCallback: PakFile 'C:/Program Files/Epic Games/UE_4.27/FeaturePacks/TP_Rolling.upack' (chunk index -1, root 'root:/') mounted
[2023.02.03-23.02.15:584][  0]LogShaderLibrary: Display: ShaderCodeLibraryPakFileMountedCallback: pending pak file info (ChunkID:-1 Root:root:/ File:C:/Program Files/Epic Games/UE_4.27/FeaturePacks/TP_Rolling.upack)
[2023.02.03-23.02.15:584][  0]LogPakFile: OnPakFileMounted2Time == 0.000025
[2023.02.03-23.02.15:584][  0]LogPakFile: PakFile PrimaryIndexSize=185
[2023.02.03-23.02.15:584][  0]LogPakFile: PakFile PathHashIndexSize=101
[2023.02.03-23.02.15:584][  0]LogPakFile: PakFile FullDirectoryIndexSize=144
[2023.02.03-23.02.15:584][  0]LogShaderLibrary: Display: ShaderCodeLibraryPakFileMountedCallback: PakFile 'C:/Program Files/Epic Games/UE_4.27/FeaturePacks/TP_RollingBP.upack' (chunk index -1, root 'root:/') mounted
[2023.02.03-23.02.15:584][  0]LogShaderLibrary: Display: ShaderCodeLibraryPakFileMountedCallback: pending pak file info (ChunkID:-1 Root:root:/ File:C:/Program Files/Epic Games/UE_4.27/FeaturePacks/TP_RollingBP.upack)
[2023.02.03-23.02.15:584][  0]LogPakFile: OnPakFileMounted2Time == 0.000029
[2023.02.03-23.02.15:585][  0]LogPakFile: PakFile PrimaryIndexSize=188
[2023.02.03-23.02.15:585][  0]LogPakFile: PakFile PathHashIndexSize=101
[2023.02.03-23.02.15:585][  0]LogPakFile: PakFile FullDirectoryIndexSize=150
[2023.02.03-23.02.15:585][  0]LogShaderLibrary: Display: ShaderCodeLibraryPakFileMountedCallback: PakFile 'C:/Program Files/Epic Games/UE_4.27/FeaturePacks/TP_SideScroller.upack' (chunk index -1, root 'root:/') mounted
[2023.02.03-23.02.15:585][  0]LogShaderLibrary: Display: ShaderCodeLibraryPakFileMountedCallback: pending pak file info (ChunkID:-1 Root:root:/ File:C:/Program Files/Epic Games/UE_4.27/FeaturePacks/TP_SideScroller.upack)
[2023.02.03-23.02.15:585][  0]LogPakFile: OnPakFileMounted2Time == 0.000026
[2023.02.03-23.02.15:585][  0]LogPakFile: PakFile PrimaryIndexSize=190
[2023.02.03-23.02.15:585][  0]LogPakFile: PakFile PathHashIndexSize=101
[2023.02.03-23.02.15:585][  0]LogPakFile: PakFile FullDirectoryIndexSize=154
[2023.02.03-23.02.15:585][  0]LogShaderLibrary: Display: ShaderCodeLibraryPakFileMountedCallback: PakFile 'C:/Program Files/Epic Games/UE_4.27/FeaturePacks/TP_SideScrollerBP.upack' (chunk index -1, root 'root:/') mounted
[2023.02.03-23.02.15:585][  0]LogShaderLibrary: Display: ShaderCodeLibraryPakFileMountedCallback: pending pak file info (ChunkID:-1 Root:root:/ File:C:/Program Files/Epic Games/UE_4.27/FeaturePacks/TP_SideScrollerBP.upack)
[2023.02.03-23.02.15:585][  0]LogPakFile: OnPakFileMounted2Time == 0.000025
[2023.02.03-23.02.15:585][  0]LogPakFile: PakFile PrimaryIndexSize=187
[2023.02.03-23.02.15:585][  0]LogPakFile: PakFile PathHashIndexSize=101
[2023.02.03-23.02.15:585][  0]LogPakFile: PakFile FullDirectoryIndexSize=148
[2023.02.03-23.02.15:585][  0]LogShaderLibrary: Display: ShaderCodeLibraryPakFileMountedCallback: PakFile 'C:/Program Files/Epic Games/UE_4.27/FeaturePacks/TP_ThirdPerson.upack' (chunk index -1, root 'root:/') mounted
[2023.02.03-23.02.15:585][  0]LogShaderLibrary: Display: ShaderCodeLibraryPakFileMountedCallback: pending pak file info (ChunkID:-1 Root:root:/ File:C:/Program Files/Epic Games/UE_4.27/FeaturePacks/TP_ThirdPerson.upack)
[2023.02.03-23.02.15:585][  0]LogPakFile: OnPakFileMounted2Time == 0.000027
[2023.02.03-23.02.15:586][  0]LogPakFile: PakFile PrimaryIndexSize=189
[2023.02.03-23.02.15:586][  0]LogPakFile: PakFile PathHashIndexSize=101
[2023.02.03-23.02.15:586][  0]LogPakFile: PakFile FullDirectoryIndexSize=152
[2023.02.03-23.02.15:586][  0]LogShaderLibrary: Display: ShaderCodeLibraryPakFileMountedCallback: PakFile 'C:/Program Files/Epic Games/UE_4.27/FeaturePacks/TP_ThirdPersonBP.upack' (chunk index -1, root 'root:/') mounted
[2023.02.03-23.02.15:586][  0]LogShaderLibrary: Display: ShaderCodeLibraryPakFileMountedCallback: pending pak file info (ChunkID:-1 Root:root:/ File:C:/Program Files/Epic Games/UE_4.27/FeaturePacks/TP_ThirdPersonBP.upack)
[2023.02.03-23.02.15:586][  0]LogPakFile: OnPakFileMounted2Time == 0.000025
[2023.02.03-23.02.15:586][  0]LogPakFile: PakFile PrimaryIndexSize=183
[2023.02.03-23.02.15:586][  0]LogPakFile: PakFile PathHashIndexSize=101
[2023.02.03-23.02.15:586][  0]LogPakFile: PakFile FullDirectoryIndexSize=140
[2023.02.03-23.02.15:586][  0]LogShaderLibrary: Display: ShaderCodeLibraryPakFileMountedCallback: PakFile 'C:/Program Files/Epic Games/UE_4.27/FeaturePacks/TP_TopDown.upack' (chunk index -1, root 'root:/') mounted
[2023.02.03-23.02.15:586][  0]LogShaderLibrary: Display: ShaderCodeLibraryPakFileMountedCallback: pending pak file info (ChunkID:-1 Root:root:/ File:C:/Program Files/Epic Games/UE_4.27/FeaturePacks/TP_TopDown.upack)
[2023.02.03-23.02.15:586][  0]LogPakFile: OnPakFileMounted2Time == 0.000030
[2023.02.03-23.02.15:587][  0]LogPakFile: PakFile PrimaryIndexSize=185
[2023.02.03-23.02.15:587][  0]LogPakFile: PakFile PathHashIndexSize=101
[2023.02.03-23.02.15:587][  0]LogPakFile: PakFile FullDirectoryIndexSize=144
[2023.02.03-23.02.15:587][  0]LogShaderLibrary: Display: ShaderCodeLibraryPakFileMountedCallback: PakFile 'C:/Program Files/Epic Games/UE_4.27/FeaturePacks/TP_TopDownBP.upack' (chunk index -1, root 'root:/') mounted
[2023.02.03-23.02.15:587][  0]LogShaderLibrary: Display: ShaderCodeLibraryPakFileMountedCallback: pending pak file info (ChunkID:-1 Root:root:/ File:C:/Program Files/Epic Games/UE_4.27/FeaturePacks/TP_TopDownBP.upack)
[2023.02.03-23.02.15:587][  0]LogPakFile: OnPakFileMounted2Time == 0.000025
[2023.02.03-23.02.15:587][  0]LogPakFile: PakFile PrimaryIndexSize=185
[2023.02.03-23.02.15:587][  0]LogPakFile: PakFile PathHashIndexSize=101
[2023.02.03-23.02.15:587][  0]LogPakFile: PakFile FullDirectoryIndexSize=144
[2023.02.03-23.02.15:587][  0]LogShaderLibrary: Display: ShaderCodeLibraryPakFileMountedCallback: PakFile 'C:/Program Files/Epic Games/UE_4.27/FeaturePacks/TP_TwinStick.upack' (chunk index -1, root 'root:/') mounted
[2023.02.03-23.02.15:587][  0]LogShaderLibrary: Display: ShaderCodeLibraryPakFileMountedCallback: pending pak file info (ChunkID:-1 Root:root:/ File:C:/Program Files/Epic Games/UE_4.27/FeaturePacks/TP_TwinStick.upack)
[2023.02.03-23.02.15:587][  0]LogPakFile: OnPakFileMounted2Time == 0.000025
[2023.02.03-23.02.15:587][  0]LogPakFile: PakFile PrimaryIndexSize=187
[2023.02.03-23.02.15:587][  0]LogPakFile: PakFile PathHashIndexSize=101
[2023.02.03-23.02.15:587][  0]LogPakFile: PakFile FullDirectoryIndexSize=148
[2023.02.03-23.02.15:587][  0]LogShaderLibrary: Display: ShaderCodeLibraryPakFileMountedCallback: PakFile 'C:/Program Files/Epic Games/UE_4.27/FeaturePacks/TP_TwinStickBP.upack' (chunk index -1, root 'root:/') mounted
[2023.02.03-23.02.15:587][  0]LogShaderLibrary: Display: ShaderCodeLibraryPakFileMountedCallback: pending pak file info (ChunkID:-1 Root:root:/ File:C:/Program Files/Epic Games/UE_4.27/FeaturePacks/TP_TwinStickBP.upack)
[2023.02.03-23.02.15:587][  0]LogPakFile: OnPakFileMounted2Time == 0.000027
[2023.02.03-23.02.15:588][  0]LogPakFile: PakFile PrimaryIndexSize=183
[2023.02.03-23.02.15:588][  0]LogPakFile: PakFile PathHashIndexSize=101
[2023.02.03-23.02.15:588][  0]LogPakFile: PakFile FullDirectoryIndexSize=140
[2023.02.03-23.02.15:588][  0]LogShaderLibrary: Display: ShaderCodeLibraryPakFileMountedCallback: PakFile 'C:/Program Files/Epic Games/UE_4.27/FeaturePacks/TP_Vehicle.upack' (chunk index -1, root 'root:/') mounted
[2023.02.03-23.02.15:588][  0]LogShaderLibrary: Display: ShaderCodeLibraryPakFileMountedCallback: pending pak file info (ChunkID:-1 Root:root:/ File:C:/Program Files/Epic Games/UE_4.27/FeaturePacks/TP_Vehicle.upack)
[2023.02.03-23.02.15:588][  0]LogPakFile: OnPakFileMounted2Time == 0.000027
[2023.02.03-23.02.15:589][  0]LogPakFile: PakFile PrimaryIndexSize=186
[2023.02.03-23.02.15:589][  0]LogPakFile: PakFile PathHashIndexSize=101
[2023.02.03-23.02.15:589][  0]LogPakFile: PakFile FullDirectoryIndexSize=146
[2023.02.03-23.02.15:589][  0]LogShaderLibrary: Display: ShaderCodeLibraryPakFileMountedCallback: PakFile 'C:/Program Files/Epic Games/UE_4.27/FeaturePacks/TP_VehicleAdv.upack' (chunk index -1, root 'root:/') mounted
[2023.02.03-23.02.15:589][  0]LogShaderLibrary: Display: ShaderCodeLibraryPakFileMountedCallback: pending pak file info (ChunkID:-1 Root:root:/ File:C:/Program Files/Epic Games/UE_4.27/FeaturePacks/TP_VehicleAdv.upack)
[2023.02.03-23.02.15:589][  0]LogPakFile: OnPakFileMounted2Time == 0.000026
[2023.02.03-23.02.15:589][  0]LogPakFile: PakFile PrimaryIndexSize=188
[2023.02.03-23.02.15:589][  0]LogPakFile: PakFile PathHashIndexSize=101
[2023.02.03-23.02.15:589][  0]LogPakFile: PakFile FullDirectoryIndexSize=150
[2023.02.03-23.02.15:589][  0]LogShaderLibrary: Display: ShaderCodeLibraryPakFileMountedCallback: PakFile 'C:/Program Files/Epic Games/UE_4.27/FeaturePacks/TP_VehicleAdvBP.upack' (chunk index -1, root 'root:/') mounted
[2023.02.03-23.02.15:589][  0]LogShaderLibrary: Display: ShaderCodeLibraryPakFileMountedCallback: pending pak file info (ChunkID:-1 Root:root:/ File:C:/Program Files/Epic Games/UE_4.27/FeaturePacks/TP_VehicleAdvBP.upack)
[2023.02.03-23.02.15:589][  0]LogPakFile: OnPakFileMounted2Time == 0.000030
[2023.02.03-23.02.15:590][  0]LogPakFile: PakFile PrimaryIndexSize=185
[2023.02.03-23.02.15:590][  0]LogPakFile: PakFile PathHashIndexSize=101
[2023.02.03-23.02.15:590][  0]LogPakFile: PakFile FullDirectoryIndexSize=144
[2023.02.03-23.02.15:590][  0]LogShaderLibrary: Display: ShaderCodeLibraryPakFileMountedCallback: PakFile 'C:/Program Files/Epic Games/UE_4.27/FeaturePacks/TP_VehicleBP.upack' (chunk index -1, root 'root:/') mounted
[2023.02.03-23.02.15:590][  0]LogShaderLibrary: Display: ShaderCodeLibraryPakFileMountedCallback: pending pak file info (ChunkID:-1 Root:root:/ File:C:/Program Files/Epic Games/UE_4.27/FeaturePacks/TP_VehicleBP.upack)
[2023.02.03-23.02.15:590][  0]LogPakFile: OnPakFileMounted2Time == 0.000028
[2023.02.03-23.02.15:590][  0]LogPakFile: PakFile PrimaryIndexSize=192
[2023.02.03-23.02.15:590][  0]LogPakFile: PakFile PathHashIndexSize=101
[2023.02.03-23.02.15:590][  0]LogPakFile: PakFile FullDirectoryIndexSize=158
[2023.02.03-23.02.15:590][  0]LogShaderLibrary: Display: ShaderCodeLibraryPakFileMountedCallback: PakFile 'C:/Program Files/Epic Games/UE_4.27/FeaturePacks/TP_VirtualRealityBP.upack' (chunk index -1, root 'root:/') mounted
[2023.02.03-23.02.15:590][  0]LogShaderLibrary: Display: ShaderCodeLibraryPakFileMountedCallback: pending pak file info (ChunkID:-1 Root:root:/ File:C:/Program Files/Epic Games/UE_4.27/FeaturePacks/TP_VirtualRealityBP.upack)
[2023.02.03-23.02.15:590][  0]LogPakFile: OnPakFileMounted2Time == 0.000025
[2023.02.03-23.02.15:620][  0]LogNativeClassHierarchy: Verbose: Native class hierarchy updated for 'AddContentDialog' in 0.0003 seconds. Added 0 classes and 0 folders.
[2023.02.03-23.02.15:621][  0]LogNativeClassHierarchy: Verbose: Native class hierarchy updated for 'SceneOutliner' in 0.0002 seconds. Added 2 classes and 0 folders.
[2023.02.03-23.02.15:653][  0]LogSlate: Took 0.000104 seconds to synchronously load lazily loaded font '../../../Engine/Content/Slate/Fonts/Roboto-Regular.ttf' (155K)
[2023.02.03-23.02.15:653][  0]LogSlate: Took 0.000079 seconds to synchronously load lazily loaded font '../../../Engine/Content/Editor/Slate/Fonts/FontAwesome.ttf' (139K)
[2023.02.03-23.02.15:654][  0]LogSlate: Took 0.000078 seconds to synchronously load lazily loaded font '../../../Engine/Content/Slate/Fonts/Roboto-Bold.ttf' (160K)
[2023.02.03-23.02.15:720][  0]LogRenderer: Reallocating scene render targets to support 1616x808 Format 10 NumSamples 1 (Frame:1).
[2023.02.03-23.02.15:820][  0]LogNativeClassHierarchy: Verbose: Native class hierarchy updated for 'HierarchicalLODOutliner' in 0.0002 seconds. Added 0 classes and 0 folders.
[2023.02.03-23.02.15:820][  0]LogLoad: (Engine Initialization) Total time: 5.71 seconds
[2023.02.03-23.02.15:820][  0]LogLoad: (Engine Initialization) Total Blueprint compile time: 0.00 seconds
[2023.02.03-23.02.15:852][  0]LogAssetRegistry: Asset discovery search completed in 2.9092 seconds
[2023.02.03-23.02.15:856][  0]LogCollectionManager: Fixed up redirectors for 0 collections in 0.000003 seconds (updated 0 objects)
[2023.02.03-23.02.15:857][  0]LogContentStreaming: Texture pool size now 1000 MB
[2023.02.03-23.02.28:527][308]LogSlate: Window 'Save Level As' being destroyed
[2023.02.03-23.02.28:535][308]LogSlate: Took 0.000096 seconds to synchronously load lazily loaded font '../../../Engine/Content/Slate/Fonts/Roboto-Light.ttf' (167K)
[2023.02.03-23.02.28:562][308]Cmd: OBJ SAVEPACKAGE PACKAGE="/Game/NewMap" FILE="../../../../../../Users/bittest/Documents/GitHub/ggj-2023/ggj2023/Content/NewMap.umap" SILENT=true AUTOSAVING=false KEEPDIRTY=false
[2023.02.03-23.02.28:573][308]LogUObjectHash: Compacting FUObjectHashTables data took   0.49ms
[2023.02.03-23.02.28:580][308]LogSavePackage: Moving '../../../../../../Users/bittest/Documents/GitHub/ggj-2023/ggj2023/Saved/NewMapFFBA7FC149ACDBA6A60F24854E11CAC8.tmp' to '../../../../../../Users/bittest/Documents/GitHub/ggj-2023/ggj2023/Content/NewMap.umap'
[2023.02.03-23.02.28:584][308]Cmd: OBJ SAVEPACKAGE PACKAGE="/Game/NewMap_BuiltData" FILE="../../../../../../Users/bittest/Documents/GitHub/ggj-2023/ggj2023/Content/NewMap_BuiltData.uasset" SILENT=true
[2023.02.03-23.02.28:595][308]LogSavePackage: Moving '../../../../../../Users/bittest/Documents/GitHub/ggj-2023/ggj2023/Saved/NewMap_BuiltDataF0C06E004C7D118E505229A295D7D3AA.tmp' to '../../../../../../Users/bittest/Documents/GitHub/ggj-2023/ggj2023/Content/NewMap_BuiltData.uasset'
[2023.02.03-23.02.28:603][308]LogFileHelpers: Saving map 'NewMap' took 0.070
[2023.02.03-23.02.28:607][308]AssetCheck: New page: Asset Save: multiple assets
[2023.02.03-23.02.28:607][308]LogContentValidation: Display: Validating MapBuildDataRegistry /Game/NewMap_BuiltData.NewMap_BuiltData
[2023.02.03-23.02.28:607][308]LogContentValidation: Display: Validating World /Game/NewMap.NewMap
[2023.02.03-23.03.18:970][211]LogContentBrowser: Attempting asset rename: NewMap -> LP_Dev1
[2023.02.03-23.03.19:027][211]Cmd: OBJ SAVEPACKAGE PACKAGE="/Game/LP_Dev1_BuiltData" FILE="../../../../../../Users/bittest/Documents/GitHub/ggj-2023/ggj2023/Content/LP_Dev1_BuiltData.uasset" SILENT=true
[2023.02.03-23.03.19:036][211]LogSavePackage: Moving '../../../../../../Users/bittest/Documents/GitHub/ggj-2023/ggj2023/Saved/LP_Dev1_BuiltData7E37A1F049F83228DBFF9DB6E11FDD4A.tmp' to '../../../../../../Users/bittest/Documents/GitHub/ggj-2023/ggj2023/Content/LP_Dev1_BuiltData.uasset'
[2023.02.03-23.03.19:037][211]Cmd: OBJ SAVEPACKAGE PACKAGE="/Game/LP_Dev1" FILE="../../../../../../Users/bittest/Documents/GitHub/ggj-2023/ggj2023/Content/LP_Dev1.umap" SILENT=true AUTOSAVING=false KEEPDIRTY=false
[2023.02.03-23.03.19:041][211]LogUObjectHash: Compacting FUObjectHashTables data took   0.56ms
[2023.02.03-23.03.19:046][211]LogSavePackage: Moving '../../../../../../Users/bittest/Documents/GitHub/ggj-2023/ggj2023/Saved/LP_Dev1ECA8FC864DA47D8A6BDE2381C72F2834.tmp' to '../../../../../../Users/bittest/Documents/GitHub/ggj-2023/ggj2023/Content/LP_Dev1.umap'
[2023.02.03-23.03.19:049][211]LogFileHelpers: Saving map 'LP_Dev1' took 0.012
[2023.02.03-23.03.19:113][211]LogUObjectHash: Compacting FUObjectHashTables data took   0.21ms
[2023.02.03-23.03.19:115][211]LogUObjectHash: Compacting FUObjectHashTables data took   0.21ms
[2023.02.03-23.03.19:126][211]LogUObjectHash: Compacting FUObjectHashTables data took   0.55ms
[2023.02.03-23.03.19:129][211]LogUObjectHash: Compacting FUObjectHashTables data took   0.20ms
[2023.02.03-23.03.19:145][211]AssetCheck: New page: Asset Save: multiple assets
[2023.02.03-23.03.19:145][211]LogContentValidation: Display: Validating MapBuildDataRegistry /Game/LP_Dev1_BuiltData.LP_Dev1_BuiltData
[2023.02.03-23.03.19:145][211]LogContentValidation: Display: Validating World /Game/LP_Dev1.LP_Dev1
[2023.02.03-23.03.20:909][420]Cmd: OBJ SAVEPACKAGE PACKAGE="/Game/LP_Dev1" FILE="../../../../../../Users/bittest/Documents/GitHub/ggj-2023/ggj2023/Content/LP_Dev1.umap" SILENT=true AUTOSAVING=false KEEPDIRTY=false
[2023.02.03-23.03.20:920][420]LogUObjectHash: Compacting FUObjectHashTables data took   0.22ms
[2023.02.03-23.03.20:925][420]LogSavePackage: Moving '../../../../../../Users/bittest/Documents/GitHub/ggj-2023/ggj2023/Saved/LP_Dev1E3DF943F45600988A470D9A995E5EA24.tmp' to '../../../../../../Users/bittest/Documents/GitHub/ggj-2023/ggj2023/Content/LP_Dev1.umap'
[2023.02.03-23.03.20:929][420]Cmd: OBJ SAVEPACKAGE PACKAGE="/Game/LP_Dev1_BuiltData" FILE="../../../../../../Users/bittest/Documents/GitHub/ggj-2023/ggj2023/Content/LP_Dev1_BuiltData.uasset" SILENT=true
[2023.02.03-23.03.20:938][420]LogSavePackage: Moving '../../../../../../Users/bittest/Documents/GitHub/ggj-2023/ggj2023/Saved/LP_Dev1_BuiltDataCD3A07DF4541A97D6EDCA581589349E9.tmp' to '../../../../../../Users/bittest/Documents/GitHub/ggj-2023/ggj2023/Content/LP_Dev1_BuiltData.uasset'
[2023.02.03-23.03.20:946][420]AssetCheck: New page: Asset Save: multiple assets
[2023.02.03-23.03.20:946][420]LogContentValidation: Display: Validating MapBuildDataRegistry /Game/LP_Dev1_BuiltData.LP_Dev1_BuiltData
[2023.02.03-23.03.20:946][420]LogContentValidation: Display: Validating World /Game/LP_Dev1.LP_Dev1
[2023.02.03-23.03.23:902][762]LogUObjectHash: Compacting FUObjectHashTables data took   0.27ms
